Calling target program-options parser
Adding interface s1-eth1 as port 1
[17:49:19.971] [bmv2] [D] [thread 6147] Adding interface s1-eth1 as port 1
Adding interface s1-eth2 as port 2
[17:49:20.016] [bmv2] [D] [thread 6147] Adding interface s1-eth2 as port 2
Adding interface s1-eth3 as port 3
[17:49:20.059] [bmv2] [D] [thread 6147] Adding interface s1-eth3 as port 3
Server listening on 0.0.0.0:50051
[17:49:20.101] [bmv2] [I] [thread 6147] Starting Thrift server on port 9090
[17:49:20.101] [bmv2] [I] [thread 6147] Thrift server was started
[17:49:22.603] [bmv2] [W] [thread 6176] [P4Runtime] p4::tmp::P4DeviceConfig is deprecated
[17:49:22.604] [bmv2] [D] [thread 6176] Set default default entry for table 'tbl_clone_packet': MyIngress.clone_packet - 
[17:49:22.604] [bmv2] [D] [thread 6176] Set default default entry for table 'MyIngress.ipv4_forward_table': NoAction - 
[17:49:22.604] [bmv2] [D] [thread 6176] Set default default entry for table 'tbl_change_ipv4_addr': MyEgress.change_ipv4_addr - 
[17:49:22.604] [bmv2] [D] [thread 6176] Set default default entry for table 'tbl_clear_ttl': MyEgress.clear_ttl - 
[17:49:22.604] [bmv2] [D] [thread 6176] simple_switch target has been notified of a config swap
[17:49:22.606] [bmv2] [D] [thread 6177] Set default entry for table 'MyIngress.ipv4_forward_table': MyIngress.drop - 
[17:49:22.606] [bmv2] [D] [thread 6176] Entry 0 added to table 'MyIngress.ipv4_forward_table'
[17:49:22.606] [bmv2] [D] [thread 6176] Dumping entry 0
Match key:
* hdr.ipv4.dstAddr    : LPM       0a000101/32
Action entry: MyIngress.ipv4_forward - 101,1,

[17:49:22.607] [bmv2] [D] [thread 6177] Entry 1 added to table 'MyIngress.ipv4_forward_table'
[17:49:22.607] [bmv2] [D] [thread 6177] Dumping entry 1
Match key:
* hdr.ipv4.dstAddr    : LPM       0a000202/32
Action entry: MyIngress.ipv4_forward - 20200,2,

[17:49:22.608] [bmv2] [D] [thread 6176] Entry 2 added to table 'MyIngress.ipv4_forward_table'
[17:49:22.608] [bmv2] [D] [thread 6176] Dumping entry 2
Match key:
* hdr.ipv4.dstAddr    : LPM       0a000303/32
Action entry: MyIngress.ipv4_forward - 30300,3,

[17:49:22.619] [bmv2] [D] [thread 6184] [0.0] [cxt 0] Processing packet received on port 1
[17:49:22.619] [bmv2] [D] [thread 6184] [0.0] [cxt 0] Parser 'parser': start
[17:49:22.619] [bmv2] [D] [thread 6184] [0.0] [cxt 0] Parser 'parser' entering state 'start'
[17:49:22.619] [bmv2] [D] [thread 6184] [0.0] [cxt 0] Extracting header 'ethernet'
[17:49:22.619] [bmv2] [D] [thread 6184] [0.0] [cxt 0] Parser state 'start': key is 86dd
[17:49:22.619] [bmv2] [T] [thread 6184] [0.0] [cxt 0] Bytes parsed: 14
[17:49:22.619] [bmv2] [D] [thread 6184] [0.0] [cxt 0] Parser 'parser': end
[17:49:22.619] [bmv2] [D] [thread 6184] [0.0] [cxt 0] Pipeline 'ingress': start
[17:49:22.619] [bmv2] [T] [thread 6184] [0.0] [cxt 0] clone.p4(146) Condition "hdr.ipv4.isValid()" (node_2) is false
[17:49:22.619] [bmv2] [D] [thread 6184] [0.0] [cxt 0] Pipeline 'ingress': end
[17:49:22.619] [bmv2] [D] [thread 6184] [0.0] [cxt 0] Egress port is 0
[17:49:22.619] [bmv2] [D] [thread 6184] [1.0] [cxt 0] Processing packet received on port 2
[17:49:22.619] [bmv2] [D] [thread 6184] [1.0] [cxt 0] Parser 'parser': start
[17:49:22.619] [bmv2] [D] [thread 6184] [1.0] [cxt 0] Parser 'parser' entering state 'start'
[17:49:22.619] [bmv2] [D] [thread 6184] [1.0] [cxt 0] Extracting header 'ethernet'
[17:49:22.619] [bmv2] [D] [thread 6184] [1.0] [cxt 0] Parser state 'start': key is 86dd
[17:49:22.619] [bmv2] [T] [thread 6184] [1.0] [cxt 0] Bytes parsed: 14
[17:49:22.619] [bmv2] [D] [thread 6184] [1.0] [cxt 0] Parser 'parser': end
[17:49:22.619] [bmv2] [D] [thread 6184] [1.0] [cxt 0] Pipeline 'ingress': start
[17:49:22.619] [bmv2] [T] [thread 6184] [1.0] [cxt 0] clone.p4(146) Condition "hdr.ipv4.isValid()" (node_2) is false
[17:49:22.619] [bmv2] [D] [thread 6184] [1.0] [cxt 0] Pipeline 'ingress': end
[17:49:22.619] [bmv2] [D] [thread 6184] [1.0] [cxt 0] Egress port is 0
[17:49:22.619] [bmv2] [D] [thread 6184] [2.0] [cxt 0] Processing packet received on port 3
[17:49:22.619] [bmv2] [D] [thread 6184] [2.0] [cxt 0] Parser 'parser': start
[17:49:22.619] [bmv2] [D] [thread 6184] [2.0] [cxt 0] Parser 'parser' entering state 'start'
[17:49:22.619] [bmv2] [D] [thread 6184] [2.0] [cxt 0] Extracting header 'ethernet'
[17:49:22.619] [bmv2] [D] [thread 6184] [2.0] [cxt 0] Parser state 'start': key is 86dd
[17:49:22.619] [bmv2] [T] [thread 6184] [2.0] [cxt 0] Bytes parsed: 14
[17:49:22.619] [bmv2] [D] [thread 6184] [2.0] [cxt 0] Parser 'parser': end
[17:49:22.619] [bmv2] [D] [thread 6184] [2.0] [cxt 0] Pipeline 'ingress': start
[17:49:22.619] [bmv2] [T] [thread 6184] [2.0] [cxt 0] clone.p4(146) Condition "hdr.ipv4.isValid()" (node_2) is false
[17:49:22.619] [bmv2] [D] [thread 6184] [2.0] [cxt 0] Pipeline 'ingress': end
[17:49:22.619] [bmv2] [D] [thread 6184] [2.0] [cxt 0] Egress port is 0
[17:49:22.619] [bmv2] [D] [thread 6184] [3.0] [cxt 0] Processing packet received on port 1
[17:49:22.619] [bmv2] [D] [thread 6184] [3.0] [cxt 0] Parser 'parser': start
[17:49:22.619] [bmv2] [D] [thread 6184] [3.0] [cxt 0] Parser 'parser' entering state 'start'
[17:49:22.619] [bmv2] [D] [thread 6184] [3.0] [cxt 0] Extracting header 'ethernet'
[17:49:22.619] [bmv2] [D] [thread 6184] [3.0] [cxt 0] Parser state 'start': key is 86dd
[17:49:22.619] [bmv2] [T] [thread 6184] [3.0] [cxt 0] Bytes parsed: 14
[17:49:22.619] [bmv2] [D] [thread 6184] [3.0] [cxt 0] Parser 'parser': end
[17:49:22.619] [bmv2] [D] [thread 6184] [3.0] [cxt 0] Pipeline 'ingress': start
[17:49:22.619] [bmv2] [T] [thread 6184] [3.0] [cxt 0] clone.p4(146) Condition "hdr.ipv4.isValid()" (node_2) is false
[17:49:22.619] [bmv2] [D] [thread 6184] [3.0] [cxt 0] Pipeline 'ingress': end
[17:49:22.619] [bmv2] [D] [thread 6184] [3.0] [cxt 0] Egress port is 0
[17:49:22.619] [bmv2] [D] [thread 6184] [4.0] [cxt 0] Processing packet received on port 2
[17:49:22.619] [bmv2] [D] [thread 6184] [4.0] [cxt 0] Parser 'parser': start
[17:49:22.619] [bmv2] [D] [thread 6184] [4.0] [cxt 0] Parser 'parser' entering state 'start'
[17:49:22.619] [bmv2] [D] [thread 6184] [4.0] [cxt 0] Extracting header 'ethernet'
[17:49:22.619] [bmv2] [D] [thread 6184] [4.0] [cxt 0] Parser state 'start': key is 86dd
[17:49:22.619] [bmv2] [T] [thread 6184] [4.0] [cxt 0] Bytes parsed: 14
[17:49:22.619] [bmv2] [D] [thread 6184] [4.0] [cxt 0] Parser 'parser': end
[17:49:22.619] [bmv2] [D] [thread 6184] [4.0] [cxt 0] Pipeline 'ingress': start
[17:49:22.619] [bmv2] [T] [thread 6184] [4.0] [cxt 0] clone.p4(146) Condition "hdr.ipv4.isValid()" (node_2) is false
[17:49:22.619] [bmv2] [D] [thread 6184] [4.0] [cxt 0] Pipeline 'ingress': end
[17:49:22.619] [bmv2] [D] [thread 6184] [4.0] [cxt 0] Egress port is 0
[17:49:22.619] [bmv2] [D] [thread 6184] [5.0] [cxt 0] Processing packet received on port 3
[17:49:22.619] [bmv2] [D] [thread 6184] [5.0] [cxt 0] Parser 'parser': start
[17:49:22.619] [bmv2] [D] [thread 6184] [5.0] [cxt 0] Parser 'parser' entering state 'start'
[17:49:22.619] [bmv2] [D] [thread 6184] [5.0] [cxt 0] Extracting header 'ethernet'
[17:49:22.619] [bmv2] [D] [thread 6184] [5.0] [cxt 0] Parser state 'start': key is 86dd
[17:49:22.619] [bmv2] [T] [thread 6184] [5.0] [cxt 0] Bytes parsed: 14
[17:49:22.619] [bmv2] [D] [thread 6184] [5.0] [cxt 0] Parser 'parser': end
[17:49:22.619] [bmv2] [D] [thread 6184] [5.0] [cxt 0] Pipeline 'ingress': start
[17:49:22.619] [bmv2] [T] [thread 6184] [5.0] [cxt 0] clone.p4(146) Condition "hdr.ipv4.isValid()" (node_2) is false
[17:49:22.619] [bmv2] [D] [thread 6184] [5.0] [cxt 0] Pipeline 'ingress': end
[17:49:22.619] [bmv2] [D] [thread 6184] [5.0] [cxt 0] Egress port is 0
[17:49:22.619] [bmv2] [D] [thread 6184] [6.0] [cxt 0] Processing packet received on port 1
[17:49:22.619] [bmv2] [D] [thread 6184] [6.0] [cxt 0] Parser 'parser': start
[17:49:22.619] [bmv2] [D] [thread 6184] [6.0] [cxt 0] Parser 'parser' entering state 'start'
[17:49:22.619] [bmv2] [D] [thread 6184] [6.0] [cxt 0] Extracting header 'ethernet'
[17:49:22.619] [bmv2] [D] [thread 6184] [6.0] [cxt 0] Parser state 'start': key is 86dd
[17:49:22.619] [bmv2] [T] [thread 6184] [6.0] [cxt 0] Bytes parsed: 14
[17:49:22.619] [bmv2] [D] [thread 6184] [6.0] [cxt 0] Parser 'parser': end
[17:49:22.619] [bmv2] [D] [thread 6184] [6.0] [cxt 0] Pipeline 'ingress': start
[17:49:22.619] [bmv2] [T] [thread 6184] [6.0] [cxt 0] clone.p4(146) Condition "hdr.ipv4.isValid()" (node_2) is false
[17:49:22.619] [bmv2] [D] [thread 6184] [6.0] [cxt 0] Pipeline 'ingress': end
[17:49:22.619] [bmv2] [D] [thread 6184] [6.0] [cxt 0] Egress port is 0
[17:49:22.619] [bmv2] [D] [thread 6184] [7.0] [cxt 0] Processing packet received on port 2
[17:49:22.619] [bmv2] [D] [thread 6184] [7.0] [cxt 0] Parser 'parser': start
[17:49:22.619] [bmv2] [D] [thread 6184] [7.0] [cxt 0] Parser 'parser' entering state 'start'
[17:49:22.619] [bmv2] [D] [thread 6184] [7.0] [cxt 0] Extracting header 'ethernet'
[17:49:22.619] [bmv2] [D] [thread 6184] [7.0] [cxt 0] Parser state 'start': key is 86dd
[17:49:22.619] [bmv2] [T] [thread 6184] [7.0] [cxt 0] Bytes parsed: 14
[17:49:22.619] [bmv2] [D] [thread 6184] [7.0] [cxt 0] Parser 'parser': end
[17:49:22.619] [bmv2] [D] [thread 6184] [7.0] [cxt 0] Pipeline 'ingress': start
[17:49:22.619] [bmv2] [T] [thread 6184] [7.0] [cxt 0] clone.p4(146) Condition "hdr.ipv4.isValid()" (node_2) is false
[17:49:22.619] [bmv2] [D] [thread 6184] [7.0] [cxt 0] Pipeline 'ingress': end
[17:49:22.619] [bmv2] [D] [thread 6184] [7.0] [cxt 0] Egress port is 0
[17:49:22.619] [bmv2] [D] [thread 6184] [8.0] [cxt 0] Processing packet received on port 3
[17:49:22.619] [bmv2] [D] [thread 6184] [8.0] [cxt 0] Parser 'parser': start
[17:49:22.619] [bmv2] [D] [thread 6184] [8.0] [cxt 0] Parser 'parser' entering state 'start'
[17:49:22.619] [bmv2] [D] [thread 6184] [8.0] [cxt 0] Extracting header 'ethernet'
[17:49:22.619] [bmv2] [D] [thread 6184] [8.0] [cxt 0] Parser state 'start': key is 86dd
[17:49:22.619] [bmv2] [T] [thread 6184] [8.0] [cxt 0] Bytes parsed: 14
[17:49:22.619] [bmv2] [D] [thread 6184] [8.0] [cxt 0] Parser 'parser': end
[17:49:22.619] [bmv2] [D] [thread 6184] [8.0] [cxt 0] Pipeline 'ingress': start
[17:49:22.619] [bmv2] [T] [thread 6184] [8.0] [cxt 0] clone.p4(146) Condition "hdr.ipv4.isValid()" (node_2) is false
[17:49:22.619] [bmv2] [D] [thread 6184] [8.0] [cxt 0] Pipeline 'ingress': end
[17:49:22.619] [bmv2] [D] [thread 6184] [8.0] [cxt 0] Egress port is 0
[17:49:22.619] [bmv2] [D] [thread 6184] [9.0] [cxt 0] Processing packet received on port 1
[17:49:22.619] [bmv2] [D] [thread 6184] [9.0] [cxt 0] Parser 'parser': start
[17:49:22.619] [bmv2] [D] [thread 6184] [9.0] [cxt 0] Parser 'parser' entering state 'start'
[17:49:22.619] [bmv2] [D] [thread 6184] [9.0] [cxt 0] Extracting header 'ethernet'
[17:49:22.619] [bmv2] [D] [thread 6184] [9.0] [cxt 0] Parser state 'start': key is 86dd
[17:49:22.619] [bmv2] [T] [thread 6184] [9.0] [cxt 0] Bytes parsed: 14
[17:49:22.619] [bmv2] [D] [thread 6184] [9.0] [cxt 0] Parser 'parser': end
[17:49:22.619] [bmv2] [D] [thread 6184] [9.0] [cxt 0] Pipeline 'ingress': start
[17:49:22.619] [bmv2] [T] [thread 6184] [9.0] [cxt 0] clone.p4(146) Condition "hdr.ipv4.isValid()" (node_2) is false
[17:49:22.619] [bmv2] [D] [thread 6184] [9.0] [cxt 0] Pipeline 'ingress': end
[17:49:22.619] [bmv2] [D] [thread 6184] [9.0] [cxt 0] Egress port is 0
[17:49:22.619] [bmv2] [D] [thread 6184] [10.0] [cxt 0] Processing packet received on port 2
[17:49:22.619] [bmv2] [D] [thread 6184] [10.0] [cxt 0] Parser 'parser': start
[17:49:22.619] [bmv2] [D] [thread 6184] [10.0] [cxt 0] Parser 'parser' entering state 'start'
[17:49:22.619] [bmv2] [D] [thread 6184] [10.0] [cxt 0] Extracting header 'ethernet'
[17:49:22.619] [bmv2] [D] [thread 6184] [10.0] [cxt 0] Parser state 'start': key is 86dd
[17:49:22.619] [bmv2] [T] [thread 6184] [10.0] [cxt 0] Bytes parsed: 14
[17:49:22.619] [bmv2] [D] [thread 6184] [10.0] [cxt 0] Parser 'parser': end
[17:49:22.619] [bmv2] [D] [thread 6184] [10.0] [cxt 0] Pipeline 'ingress': start
[17:49:22.619] [bmv2] [T] [thread 6184] [10.0] [cxt 0] clone.p4(146) Condition "hdr.ipv4.isValid()" (node_2) is false
[17:49:22.619] [bmv2] [D] [thread 6184] [10.0] [cxt 0] Pipeline 'ingress': end
[17:49:22.619] [bmv2] [D] [thread 6184] [10.0] [cxt 0] Egress port is 0
[17:49:22.619] [bmv2] [D] [thread 6184] [11.0] [cxt 0] Processing packet received on port 3
[17:49:22.619] [bmv2] [D] [thread 6184] [11.0] [cxt 0] Parser 'parser': start
[17:49:22.619] [bmv2] [D] [thread 6184] [11.0] [cxt 0] Parser 'parser' entering state 'start'
[17:49:22.619] [bmv2] [D] [thread 6184] [11.0] [cxt 0] Extracting header 'ethernet'
[17:49:22.619] [bmv2] [D] [thread 6184] [11.0] [cxt 0] Parser state 'start': key is 86dd
[17:49:22.619] [bmv2] [T] [thread 6184] [11.0] [cxt 0] Bytes parsed: 14
[17:49:22.619] [bmv2] [D] [thread 6184] [11.0] [cxt 0] Parser 'parser': end
[17:49:22.619] [bmv2] [D] [thread 6184] [11.0] [cxt 0] Pipeline 'ingress': start
[17:49:22.619] [bmv2] [T] [thread 6184] [11.0] [cxt 0] clone.p4(146) Condition "hdr.ipv4.isValid()" (node_2) is false
[17:49:22.619] [bmv2] [D] [thread 6184] [11.0] [cxt 0] Pipeline 'ingress': end
[17:49:22.619] [bmv2] [D] [thread 6184] [11.0] [cxt 0] Egress port is 0
[17:49:22.619] [bmv2] [D] [thread 6184] [12.0] [cxt 0] Processing packet received on port 1
[17:49:22.619] [bmv2] [D] [thread 6184] [12.0] [cxt 0] Parser 'parser': start
[17:49:22.619] [bmv2] [D] [thread 6184] [12.0] [cxt 0] Parser 'parser' entering state 'start'
[17:49:22.619] [bmv2] [D] [thread 6184] [12.0] [cxt 0] Extracting header 'ethernet'
[17:49:22.619] [bmv2] [D] [thread 6184] [12.0] [cxt 0] Parser state 'start': key is 86dd
[17:49:22.619] [bmv2] [T] [thread 6184] [12.0] [cxt 0] Bytes parsed: 14
[17:49:22.619] [bmv2] [D] [thread 6184] [12.0] [cxt 0] Parser 'parser': end
[17:49:22.619] [bmv2] [D] [thread 6184] [12.0] [cxt 0] Pipeline 'ingress': start
[17:49:22.619] [bmv2] [T] [thread 6184] [12.0] [cxt 0] clone.p4(146) Condition "hdr.ipv4.isValid()" (node_2) is false
[17:49:22.619] [bmv2] [D] [thread 6184] [12.0] [cxt 0] Pipeline 'ingress': end
[17:49:22.619] [bmv2] [D] [thread 6184] [12.0] [cxt 0] Egress port is 0
[17:49:22.619] [bmv2] [D] [thread 6184] [13.0] [cxt 0] Processing packet received on port 2
[17:49:22.619] [bmv2] [D] [thread 6184] [13.0] [cxt 0] Parser 'parser': start
[17:49:22.619] [bmv2] [D] [thread 6184] [13.0] [cxt 0] Parser 'parser' entering state 'start'
[17:49:22.619] [bmv2] [D] [thread 6184] [13.0] [cxt 0] Extracting header 'ethernet'
[17:49:22.619] [bmv2] [D] [thread 6184] [13.0] [cxt 0] Parser state 'start': key is 86dd
[17:49:22.619] [bmv2] [T] [thread 6184] [13.0] [cxt 0] Bytes parsed: 14
[17:49:22.619] [bmv2] [D] [thread 6184] [13.0] [cxt 0] Parser 'parser': end
[17:49:22.619] [bmv2] [D] [thread 6184] [13.0] [cxt 0] Pipeline 'ingress': start
[17:49:22.619] [bmv2] [T] [thread 6184] [13.0] [cxt 0] clone.p4(146) Condition "hdr.ipv4.isValid()" (node_2) is false
[17:49:22.619] [bmv2] [D] [thread 6184] [13.0] [cxt 0] Pipeline 'ingress': end
[17:49:22.619] [bmv2] [D] [thread 6184] [13.0] [cxt 0] Egress port is 0
[17:49:22.619] [bmv2] [D] [thread 6184] [14.0] [cxt 0] Processing packet received on port 3
[17:49:22.619] [bmv2] [D] [thread 6184] [14.0] [cxt 0] Parser 'parser': start
[17:49:22.619] [bmv2] [D] [thread 6184] [14.0] [cxt 0] Parser 'parser' entering state 'start'
[17:49:22.619] [bmv2] [D] [thread 6184] [14.0] [cxt 0] Extracting header 'ethernet'
[17:49:22.619] [bmv2] [D] [thread 6184] [14.0] [cxt 0] Parser state 'start': key is 86dd
[17:49:22.619] [bmv2] [T] [thread 6184] [14.0] [cxt 0] Bytes parsed: 14
[17:49:22.619] [bmv2] [D] [thread 6184] [14.0] [cxt 0] Parser 'parser': end
[17:49:22.619] [bmv2] [D] [thread 6184] [14.0] [cxt 0] Pipeline 'ingress': start
[17:49:22.619] [bmv2] [T] [thread 6184] [14.0] [cxt 0] clone.p4(146) Condition "hdr.ipv4.isValid()" (node_2) is false
[17:49:22.619] [bmv2] [D] [thread 6184] [14.0] [cxt 0] Pipeline 'ingress': end
[17:49:22.619] [bmv2] [D] [thread 6184] [14.0] [cxt 0] Egress port is 0
[17:49:22.619] [bmv2] [D] [thread 6184] [15.0] [cxt 0] Processing packet received on port 2
[17:49:22.619] [bmv2] [D] [thread 6184] [15.0] [cxt 0] Parser 'parser': start
[17:49:22.619] [bmv2] [D] [thread 6184] [15.0] [cxt 0] Parser 'parser' entering state 'start'
[17:49:22.619] [bmv2] [D] [thread 6184] [15.0] [cxt 0] Extracting header 'ethernet'
[17:49:22.619] [bmv2] [D] [thread 6184] [15.0] [cxt 0] Parser state 'start': key is 86dd
[17:49:22.619] [bmv2] [T] [thread 6184] [15.0] [cxt 0] Bytes parsed: 14
[17:49:22.619] [bmv2] [D] [thread 6184] [15.0] [cxt 0] Parser 'parser': end
[17:49:22.619] [bmv2] [D] [thread 6184] [15.0] [cxt 0] Pipeline 'ingress': start
[17:49:22.619] [bmv2] [T] [thread 6184] [15.0] [cxt 0] clone.p4(146) Condition "hdr.ipv4.isValid()" (node_2) is false
[17:49:22.619] [bmv2] [D] [thread 6184] [15.0] [cxt 0] Pipeline 'ingress': end
[17:49:22.619] [bmv2] [D] [thread 6184] [15.0] [cxt 0] Egress port is 0
[17:49:22.619] [bmv2] [D] [thread 6185] [0.0] [cxt 0] Pipeline 'egress': start
[17:49:22.619] [bmv2] [T] [thread 6185] [0.0] [cxt 0] clone.p4(182) Condition "standard_metadata.instance_type == 1" (node_7) is false
[17:49:22.619] [bmv2] [D] [thread 6185] [0.0] [cxt 0] Pipeline 'egress': end
[17:49:22.619] [bmv2] [D] [thread 6185] [0.0] [cxt 0] Deparser 'deparser': start
[17:49:22.619] [bmv2] [T] [thread 6185] [0.0] [cxt 0] Skipping checksum 'cksum' update because condition not met
[17:49:22.619] [bmv2] [D] [thread 6185] [0.0] [cxt 0] Deparsing header 'ethernet'
[17:49:22.619] [bmv2] [D] [thread 6185] [0.0] [cxt 0] Deparser 'deparser': end
[17:49:22.619] [bmv2] [D] [thread 6185] [1.0] [cxt 0] Pipeline 'egress': start
[17:49:22.619] [bmv2] [T] [thread 6185] [1.0] [cxt 0] clone.p4(182) Condition "standard_metadata.instance_type == 1" (node_7) is false
[17:49:22.619] [bmv2] [D] [thread 6185] [1.0] [cxt 0] Pipeline 'egress': end
[17:49:22.619] [bmv2] [D] [thread 6185] [1.0] [cxt 0] Deparser 'deparser': start
[17:49:22.619] [bmv2] [T] [thread 6185] [1.0] [cxt 0] Skipping checksum 'cksum' update because condition not met
[17:49:22.619] [bmv2] [D] [thread 6185] [1.0] [cxt 0] Deparsing header 'ethernet'
[17:49:22.619] [bmv2] [D] [thread 6185] [1.0] [cxt 0] Deparser 'deparser': end
[17:49:22.619] [bmv2] [D] [thread 6185] [2.0] [cxt 0] Pipeline 'egress': start
[17:49:22.619] [bmv2] [T] [thread 6185] [2.0] [cxt 0] clone.p4(182) Condition "standard_metadata.instance_type == 1" (node_7) is false
[17:49:22.619] [bmv2] [D] [thread 6185] [2.0] [cxt 0] Pipeline 'egress': end
[17:49:22.619] [bmv2] [D] [thread 6185] [2.0] [cxt 0] Deparser 'deparser': start
[17:49:22.619] [bmv2] [T] [thread 6185] [2.0] [cxt 0] Skipping checksum 'cksum' update because condition not met
[17:49:22.619] [bmv2] [D] [thread 6185] [2.0] [cxt 0] Deparsing header 'ethernet'
[17:49:22.619] [bmv2] [D] [thread 6185] [2.0] [cxt 0] Deparser 'deparser': end
[17:49:22.619] [bmv2] [D] [thread 6185] [3.0] [cxt 0] Pipeline 'egress': start
[17:49:22.619] [bmv2] [T] [thread 6185] [3.0] [cxt 0] clone.p4(182) Condition "standard_metadata.instance_type == 1" (node_7) is false
[17:49:22.619] [bmv2] [D] [thread 6185] [3.0] [cxt 0] Pipeline 'egress': end
[17:49:22.619] [bmv2] [D] [thread 6185] [3.0] [cxt 0] Deparser 'deparser': start
[17:49:22.619] [bmv2] [T] [thread 6185] [3.0] [cxt 0] Skipping checksum 'cksum' update because condition not met
[17:49:22.619] [bmv2] [D] [thread 6185] [3.0] [cxt 0] Deparsing header 'ethernet'
[17:49:22.619] [bmv2] [D] [thread 6185] [3.0] [cxt 0] Deparser 'deparser': end
[17:49:22.619] [bmv2] [D] [thread 6185] [4.0] [cxt 0] Pipeline 'egress': start
[17:49:22.619] [bmv2] [T] [thread 6185] [4.0] [cxt 0] clone.p4(182) Condition "standard_metadata.instance_type == 1" (node_7) is false
[17:49:22.619] [bmv2] [D] [thread 6185] [4.0] [cxt 0] Pipeline 'egress': end
[17:49:22.619] [bmv2] [D] [thread 6185] [4.0] [cxt 0] Deparser 'deparser': start
[17:49:22.619] [bmv2] [T] [thread 6185] [4.0] [cxt 0] Skipping checksum 'cksum' update because condition not met
[17:49:22.619] [bmv2] [D] [thread 6185] [4.0] [cxt 0] Deparsing header 'ethernet'
[17:49:22.619] [bmv2] [D] [thread 6185] [4.0] [cxt 0] Deparser 'deparser': end
[17:49:22.619] [bmv2] [D] [thread 6185] [5.0] [cxt 0] Pipeline 'egress': start
[17:49:22.619] [bmv2] [T] [thread 6185] [5.0] [cxt 0] clone.p4(182) Condition "standard_metadata.instance_type == 1" (node_7) is false
[17:49:22.619] [bmv2] [D] [thread 6185] [5.0] [cxt 0] Pipeline 'egress': end
[17:49:22.619] [bmv2] [D] [thread 6185] [5.0] [cxt 0] Deparser 'deparser': start
[17:49:22.619] [bmv2] [T] [thread 6185] [5.0] [cxt 0] Skipping checksum 'cksum' update because condition not met
[17:49:22.619] [bmv2] [D] [thread 6185] [5.0] [cxt 0] Deparsing header 'ethernet'
[17:49:22.620] [bmv2] [D] [thread 6185] [5.0] [cxt 0] Deparser 'deparser': end
[17:49:22.620] [bmv2] [D] [thread 6185] [6.0] [cxt 0] Pipeline 'egress': start
[17:49:22.620] [bmv2] [T] [thread 6185] [6.0] [cxt 0] clone.p4(182) Condition "standard_metadata.instance_type == 1" (node_7) is false
[17:49:22.620] [bmv2] [D] [thread 6185] [6.0] [cxt 0] Pipeline 'egress': end
[17:49:22.620] [bmv2] [D] [thread 6185] [6.0] [cxt 0] Deparser 'deparser': start
[17:49:22.620] [bmv2] [T] [thread 6185] [6.0] [cxt 0] Skipping checksum 'cksum' update because condition not met
[17:49:22.620] [bmv2] [D] [thread 6185] [6.0] [cxt 0] Deparsing header 'ethernet'
[17:49:22.620] [bmv2] [D] [thread 6185] [6.0] [cxt 0] Deparser 'deparser': end
[17:49:22.620] [bmv2] [D] [thread 6185] [7.0] [cxt 0] Pipeline 'egress': start
[17:49:22.620] [bmv2] [T] [thread 6185] [7.0] [cxt 0] clone.p4(182) Condition "standard_metadata.instance_type == 1" (node_7) is false
[17:49:22.620] [bmv2] [D] [thread 6185] [7.0] [cxt 0] Pipeline 'egress': end
[17:49:22.620] [bmv2] [D] [thread 6185] [7.0] [cxt 0] Deparser 'deparser': start
[17:49:22.620] [bmv2] [T] [thread 6185] [7.0] [cxt 0] Skipping checksum 'cksum' update because condition not met
[17:49:22.620] [bmv2] [D] [thread 6185] [7.0] [cxt 0] Deparsing header 'ethernet'
[17:49:22.620] [bmv2] [D] [thread 6185] [7.0] [cxt 0] Deparser 'deparser': end
[17:49:22.620] [bmv2] [D] [thread 6185] [8.0] [cxt 0] Pipeline 'egress': start
[17:49:22.620] [bmv2] [T] [thread 6185] [8.0] [cxt 0] clone.p4(182) Condition "standard_metadata.instance_type == 1" (node_7) is false
[17:49:22.620] [bmv2] [D] [thread 6185] [8.0] [cxt 0] Pipeline 'egress': end
[17:49:22.620] [bmv2] [D] [thread 6185] [8.0] [cxt 0] Deparser 'deparser': start
[17:49:22.620] [bmv2] [T] [thread 6185] [8.0] [cxt 0] Skipping checksum 'cksum' update because condition not met
[17:49:22.620] [bmv2] [D] [thread 6185] [8.0] [cxt 0] Deparsing header 'ethernet'
[17:49:22.620] [bmv2] [D] [thread 6185] [8.0] [cxt 0] Deparser 'deparser': end
[17:49:22.620] [bmv2] [D] [thread 6185] [9.0] [cxt 0] Pipeline 'egress': start
[17:49:22.620] [bmv2] [T] [thread 6185] [9.0] [cxt 0] clone.p4(182) Condition "standard_metadata.instance_type == 1" (node_7) is false
[17:49:22.620] [bmv2] [D] [thread 6185] [9.0] [cxt 0] Pipeline 'egress': end
[17:49:22.620] [bmv2] [D] [thread 6185] [9.0] [cxt 0] Deparser 'deparser': start
[17:49:22.620] [bmv2] [T] [thread 6185] [9.0] [cxt 0] Skipping checksum 'cksum' update because condition not met
[17:49:22.620] [bmv2] [D] [thread 6185] [9.0] [cxt 0] Deparsing header 'ethernet'
[17:49:22.620] [bmv2] [D] [thread 6185] [9.0] [cxt 0] Deparser 'deparser': end
[17:49:22.620] [bmv2] [D] [thread 6185] [10.0] [cxt 0] Pipeline 'egress': start
[17:49:22.620] [bmv2] [T] [thread 6185] [10.0] [cxt 0] clone.p4(182) Condition "standard_metadata.instance_type == 1" (node_7) is false
[17:49:22.620] [bmv2] [D] [thread 6185] [10.0] [cxt 0] Pipeline 'egress': end
[17:49:22.620] [bmv2] [D] [thread 6185] [10.0] [cxt 0] Deparser 'deparser': start
[17:49:22.620] [bmv2] [T] [thread 6185] [10.0] [cxt 0] Skipping checksum 'cksum' update because condition not met
[17:49:22.620] [bmv2] [D] [thread 6185] [10.0] [cxt 0] Deparsing header 'ethernet'
[17:49:22.620] [bmv2] [D] [thread 6185] [10.0] [cxt 0] Deparser 'deparser': end
[17:49:22.620] [bmv2] [D] [thread 6185] [11.0] [cxt 0] Pipeline 'egress': start
[17:49:22.620] [bmv2] [T] [thread 6185] [11.0] [cxt 0] clone.p4(182) Condition "standard_metadata.instance_type == 1" (node_7) is false
[17:49:22.620] [bmv2] [D] [thread 6185] [11.0] [cxt 0] Pipeline 'egress': end
[17:49:22.620] [bmv2] [D] [thread 6185] [11.0] [cxt 0] Deparser 'deparser': start
[17:49:22.620] [bmv2] [T] [thread 6185] [11.0] [cxt 0] Skipping checksum 'cksum' update because condition not met
[17:49:22.620] [bmv2] [D] [thread 6185] [11.0] [cxt 0] Deparsing header 'ethernet'
[17:49:22.620] [bmv2] [D] [thread 6185] [11.0] [cxt 0] Deparser 'deparser': end
[17:49:22.620] [bmv2] [D] [thread 6185] [12.0] [cxt 0] Pipeline 'egress': start
[17:49:22.620] [bmv2] [T] [thread 6185] [12.0] [cxt 0] clone.p4(182) Condition "standard_metadata.instance_type == 1" (node_7) is false
[17:49:22.620] [bmv2] [D] [thread 6185] [12.0] [cxt 0] Pipeline 'egress': end
[17:49:22.620] [bmv2] [D] [thread 6185] [12.0] [cxt 0] Deparser 'deparser': start
[17:49:22.620] [bmv2] [T] [thread 6185] [12.0] [cxt 0] Skipping checksum 'cksum' update because condition not met
[17:49:22.620] [bmv2] [D] [thread 6185] [12.0] [cxt 0] Deparsing header 'ethernet'
[17:49:22.620] [bmv2] [D] [thread 6185] [12.0] [cxt 0] Deparser 'deparser': end
[17:49:22.620] [bmv2] [D] [thread 6185] [13.0] [cxt 0] Pipeline 'egress': start
[17:49:22.620] [bmv2] [T] [thread 6185] [13.0] [cxt 0] clone.p4(182) Condition "standard_metadata.instance_type == 1" (node_7) is false
[17:49:22.620] [bmv2] [D] [thread 6185] [13.0] [cxt 0] Pipeline 'egress': end
[17:49:22.620] [bmv2] [D] [thread 6185] [13.0] [cxt 0] Deparser 'deparser': start
[17:49:22.620] [bmv2] [T] [thread 6185] [13.0] [cxt 0] Skipping checksum 'cksum' update because condition not met
[17:49:22.620] [bmv2] [D] [thread 6185] [13.0] [cxt 0] Deparsing header 'ethernet'
[17:49:22.620] [bmv2] [D] [thread 6185] [13.0] [cxt 0] Deparser 'deparser': end
[17:49:22.620] [bmv2] [D] [thread 6185] [14.0] [cxt 0] Pipeline 'egress': start
[17:49:22.620] [bmv2] [T] [thread 6185] [14.0] [cxt 0] clone.p4(182) Condition "standard_metadata.instance_type == 1" (node_7) is false
[17:49:22.620] [bmv2] [D] [thread 6185] [14.0] [cxt 0] Pipeline 'egress': end
[17:49:22.620] [bmv2] [D] [thread 6185] [14.0] [cxt 0] Deparser 'deparser': start
[17:49:22.620] [bmv2] [T] [thread 6185] [14.0] [cxt 0] Skipping checksum 'cksum' update because condition not met
[17:49:22.620] [bmv2] [D] [thread 6185] [14.0] [cxt 0] Deparsing header 'ethernet'
[17:49:22.620] [bmv2] [D] [thread 6185] [14.0] [cxt 0] Deparser 'deparser': end
[17:49:22.620] [bmv2] [D] [thread 6185] [15.0] [cxt 0] Pipeline 'egress': start
[17:49:22.620] [bmv2] [T] [thread 6185] [15.0] [cxt 0] clone.p4(182) Condition "standard_metadata.instance_type == 1" (node_7) is false
[17:49:22.620] [bmv2] [D] [thread 6185] [15.0] [cxt 0] Pipeline 'egress': end
[17:49:22.620] [bmv2] [D] [thread 6185] [15.0] [cxt 0] Deparser 'deparser': start
[17:49:22.620] [bmv2] [T] [thread 6185] [15.0] [cxt 0] Skipping checksum 'cksum' update because condition not met
[17:49:22.620] [bmv2] [D] [thread 6185] [15.0] [cxt 0] Deparsing header 'ethernet'
[17:49:22.620] [bmv2] [D] [thread 6185] [15.0] [cxt 0] Deparser 'deparser': end
[17:49:22.620] [bmv2] [D] [thread 6189] [0.0] [cxt 0] Transmitting packet of size 86 out of port 0
[17:49:22.620] [bmv2] [D] [thread 6189] [1.0] [cxt 0] Transmitting packet of size 90 out of port 0
[17:49:22.620] [bmv2] [D] [thread 6189] [2.0] [cxt 0] Transmitting packet of size 90 out of port 0
[17:49:22.620] [bmv2] [D] [thread 6189] [3.0] [cxt 0] Transmitting packet of size 90 out of port 0
[17:49:22.620] [bmv2] [D] [thread 6189] [4.0] [cxt 0] Transmitting packet of size 86 out of port 0
[17:49:22.620] [bmv2] [D] [thread 6189] [5.0] [cxt 0] Transmitting packet of size 86 out of port 0
[17:49:22.620] [bmv2] [D] [thread 6189] [6.0] [cxt 0] Transmitting packet of size 90 out of port 0
[17:49:22.620] [bmv2] [D] [thread 6189] [7.0] [cxt 0] Transmitting packet of size 86 out of port 0
[17:49:22.620] [bmv2] [D] [thread 6189] [8.0] [cxt 0] Transmitting packet of size 86 out of port 0
[17:49:22.620] [bmv2] [D] [thread 6189] [9.0] [cxt 0] Transmitting packet of size 70 out of port 0
[17:49:22.620] [bmv2] [D] [thread 6189] [10.0] [cxt 0] Transmitting packet of size 90 out of port 0
[17:49:22.620] [bmv2] [D] [thread 6189] [11.0] [cxt 0] Transmitting packet of size 90 out of port 0
[17:49:22.620] [bmv2] [D] [thread 6189] [12.0] [cxt 0] Transmitting packet of size 90 out of port 0
[17:49:22.620] [bmv2] [D] [thread 6189] [13.0] [cxt 0] Transmitting packet of size 70 out of port 0
[17:49:22.620] [bmv2] [D] [thread 6189] [14.0] [cxt 0] Transmitting packet of size 70 out of port 0
[17:49:22.620] [bmv2] [D] [thread 6189] [15.0] [cxt 0] Transmitting packet of size 90 out of port 0
[17:49:22.620] [bmv2] [D] [thread 6184] [16.0] [cxt 0] Processing packet received on port 3
[17:49:22.620] [bmv2] [D] [thread 6184] [16.0] [cxt 0] Parser 'parser': start
[17:49:22.620] [bmv2] [D] [thread 6184] [16.0] [cxt 0] Parser 'parser' entering state 'start'
[17:49:22.620] [bmv2] [D] [thread 6184] [16.0] [cxt 0] Extracting header 'ethernet'
[17:49:22.620] [bmv2] [D] [thread 6184] [16.0] [cxt 0] Parser state 'start': key is 86dd
[17:49:22.620] [bmv2] [T] [thread 6184] [16.0] [cxt 0] Bytes parsed: 14
[17:49:22.620] [bmv2] [D] [thread 6184] [16.0] [cxt 0] Parser 'parser': end
[17:49:22.620] [bmv2] [D] [thread 6184] [16.0] [cxt 0] Pipeline 'ingress': start
[17:49:22.620] [bmv2] [T] [thread 6184] [16.0] [cxt 0] clone.p4(146) Condition "hdr.ipv4.isValid()" (node_2) is false
[17:49:22.620] [bmv2] [D] [thread 6184] [16.0] [cxt 0] Pipeline 'ingress': end
[17:49:22.620] [bmv2] [D] [thread 6184] [16.0] [cxt 0] Egress port is 0
[17:49:22.620] [bmv2] [D] [thread 6184] [17.0] [cxt 0] Processing packet received on port 2
[17:49:22.620] [bmv2] [D] [thread 6184] [17.0] [cxt 0] Parser 'parser': start
[17:49:22.620] [bmv2] [D] [thread 6184] [17.0] [cxt 0] Parser 'parser' entering state 'start'
[17:49:22.620] [bmv2] [D] [thread 6184] [17.0] [cxt 0] Extracting header 'ethernet'
[17:49:22.620] [bmv2] [D] [thread 6184] [17.0] [cxt 0] Parser state 'start': key is 86dd
[17:49:22.620] [bmv2] [T] [thread 6184] [17.0] [cxt 0] Bytes parsed: 14
[17:49:22.620] [bmv2] [D] [thread 6184] [17.0] [cxt 0] Parser 'parser': end
[17:49:22.620] [bmv2] [D] [thread 6184] [17.0] [cxt 0] Pipeline 'ingress': start
[17:49:22.620] [bmv2] [T] [thread 6184] [17.0] [cxt 0] clone.p4(146) Condition "hdr.ipv4.isValid()" (node_2) is false
[17:49:22.620] [bmv2] [D] [thread 6184] [17.0] [cxt 0] Pipeline 'ingress': end
[17:49:22.620] [bmv2] [D] [thread 6184] [17.0] [cxt 0] Egress port is 0
[17:49:22.620] [bmv2] [D] [thread 6184] [18.0] [cxt 0] Processing packet received on port 3
[17:49:22.620] [bmv2] [D] [thread 6184] [18.0] [cxt 0] Parser 'parser': start
[17:49:22.620] [bmv2] [D] [thread 6184] [18.0] [cxt 0] Parser 'parser' entering state 'start'
[17:49:22.620] [bmv2] [D] [thread 6184] [18.0] [cxt 0] Extracting header 'ethernet'
[17:49:22.620] [bmv2] [D] [thread 6184] [18.0] [cxt 0] Parser state 'start': key is 86dd
[17:49:22.620] [bmv2] [T] [thread 6184] [18.0] [cxt 0] Bytes parsed: 14
[17:49:22.620] [bmv2] [D] [thread 6184] [18.0] [cxt 0] Parser 'parser': end
[17:49:22.620] [bmv2] [D] [thread 6184] [18.0] [cxt 0] Pipeline 'ingress': start
[17:49:22.620] [bmv2] [T] [thread 6184] [18.0] [cxt 0] clone.p4(146) Condition "hdr.ipv4.isValid()" (node_2) is false
[17:49:22.620] [bmv2] [D] [thread 6184] [18.0] [cxt 0] Pipeline 'ingress': end
[17:49:22.620] [bmv2] [D] [thread 6184] [18.0] [cxt 0] Egress port is 0
[17:49:22.620] [bmv2] [D] [thread 6184] [19.0] [cxt 0] Processing packet received on port 2
[17:49:22.620] [bmv2] [D] [thread 6184] [19.0] [cxt 0] Parser 'parser': start
[17:49:22.620] [bmv2] [D] [thread 6184] [19.0] [cxt 0] Parser 'parser' entering state 'start'
[17:49:22.620] [bmv2] [D] [thread 6184] [19.0] [cxt 0] Extracting header 'ethernet'
[17:49:22.620] [bmv2] [D] [thread 6184] [19.0] [cxt 0] Parser state 'start': key is 86dd
[17:49:22.620] [bmv2] [T] [thread 6184] [19.0] [cxt 0] Bytes parsed: 14
[17:49:22.620] [bmv2] [D] [thread 6184] [19.0] [cxt 0] Parser 'parser': end
[17:49:22.620] [bmv2] [D] [thread 6184] [19.0] [cxt 0] Pipeline 'ingress': start
[17:49:22.620] [bmv2] [T] [thread 6184] [19.0] [cxt 0] clone.p4(146) Condition "hdr.ipv4.isValid()" (node_2) is false
[17:49:22.620] [bmv2] [D] [thread 6184] [19.0] [cxt 0] Pipeline 'ingress': end
[17:49:22.620] [bmv2] [D] [thread 6184] [19.0] [cxt 0] Egress port is 0
[17:49:22.620] [bmv2] [D] [thread 6184] [20.0] [cxt 0] Processing packet received on port 3
[17:49:22.620] [bmv2] [D] [thread 6184] [20.0] [cxt 0] Parser 'parser': start
[17:49:22.620] [bmv2] [D] [thread 6184] [20.0] [cxt 0] Parser 'parser' entering state 'start'
[17:49:22.620] [bmv2] [D] [thread 6184] [20.0] [cxt 0] Extracting header 'ethernet'
[17:49:22.620] [bmv2] [D] [thread 6184] [20.0] [cxt 0] Parser state 'start': key is 86dd
[17:49:22.620] [bmv2] [T] [thread 6184] [20.0] [cxt 0] Bytes parsed: 14
[17:49:22.620] [bmv2] [D] [thread 6184] [20.0] [cxt 0] Parser 'parser': end
[17:49:22.620] [bmv2] [D] [thread 6184] [20.0] [cxt 0] Pipeline 'ingress': start
[17:49:22.620] [bmv2] [T] [thread 6184] [20.0] [cxt 0] clone.p4(146) Condition "hdr.ipv4.isValid()" (node_2) is false
[17:49:22.620] [bmv2] [D] [thread 6184] [20.0] [cxt 0] Pipeline 'ingress': end
[17:49:22.620] [bmv2] [D] [thread 6184] [20.0] [cxt 0] Egress port is 0
[17:49:22.620] [bmv2] [D] [thread 6184] [21.0] [cxt 0] Processing packet received on port 3
[17:49:22.620] [bmv2] [D] [thread 6184] [21.0] [cxt 0] Parser 'parser': start
[17:49:22.620] [bmv2] [D] [thread 6184] [21.0] [cxt 0] Parser 'parser' entering state 'start'
[17:49:22.620] [bmv2] [D] [thread 6184] [21.0] [cxt 0] Extracting header 'ethernet'
[17:49:22.620] [bmv2] [D] [thread 6184] [21.0] [cxt 0] Parser state 'start': key is 86dd
[17:49:22.620] [bmv2] [T] [thread 6184] [21.0] [cxt 0] Bytes parsed: 14
[17:49:22.620] [bmv2] [D] [thread 6184] [21.0] [cxt 0] Parser 'parser': end
[17:49:22.620] [bmv2] [D] [thread 6184] [21.0] [cxt 0] Pipeline 'ingress': start
[17:49:22.620] [bmv2] [T] [thread 6184] [21.0] [cxt 0] clone.p4(146) Condition "hdr.ipv4.isValid()" (node_2) is false
[17:49:22.620] [bmv2] [D] [thread 6184] [21.0] [cxt 0] Pipeline 'ingress': end
[17:49:22.620] [bmv2] [D] [thread 6184] [21.0] [cxt 0] Egress port is 0
[17:49:22.620] [bmv2] [D] [thread 6185] [16.0] [cxt 0] Pipeline 'egress': start
[17:49:22.620] [bmv2] [T] [thread 6185] [16.0] [cxt 0] clone.p4(182) Condition "standard_metadata.instance_type == 1" (node_7) is false
[17:49:22.620] [bmv2] [D] [thread 6185] [16.0] [cxt 0] Pipeline 'egress': end
[17:49:22.620] [bmv2] [D] [thread 6185] [16.0] [cxt 0] Deparser 'deparser': start
[17:49:22.620] [bmv2] [T] [thread 6185] [16.0] [cxt 0] Skipping checksum 'cksum' update because condition not met
[17:49:22.620] [bmv2] [D] [thread 6185] [16.0] [cxt 0] Deparsing header 'ethernet'
[17:49:22.620] [bmv2] [D] [thread 6185] [16.0] [cxt 0] Deparser 'deparser': end
[17:49:22.620] [bmv2] [D] [thread 6185] [17.0] [cxt 0] Pipeline 'egress': start
[17:49:22.620] [bmv2] [T] [thread 6185] [17.0] [cxt 0] clone.p4(182) Condition "standard_metadata.instance_type == 1" (node_7) is false
[17:49:22.620] [bmv2] [D] [thread 6185] [17.0] [cxt 0] Pipeline 'egress': end
[17:49:22.620] [bmv2] [D] [thread 6185] [17.0] [cxt 0] Deparser 'deparser': start
[17:49:22.620] [bmv2] [T] [thread 6185] [17.0] [cxt 0] Skipping checksum 'cksum' update because condition not met
[17:49:22.620] [bmv2] [D] [thread 6185] [17.0] [cxt 0] Deparsing header 'ethernet'
[17:49:22.620] [bmv2] [D] [thread 6185] [17.0] [cxt 0] Deparser 'deparser': end
[17:49:22.620] [bmv2] [D] [thread 6185] [18.0] [cxt 0] Pipeline 'egress': start
[17:49:22.620] [bmv2] [T] [thread 6185] [18.0] [cxt 0] clone.p4(182) Condition "standard_metadata.instance_type == 1" (node_7) is false
[17:49:22.620] [bmv2] [D] [thread 6185] [18.0] [cxt 0] Pipeline 'egress': end
[17:49:22.620] [bmv2] [D] [thread 6185] [18.0] [cxt 0] Deparser 'deparser': start
[17:49:22.620] [bmv2] [T] [thread 6185] [18.0] [cxt 0] Skipping checksum 'cksum' update because condition not met
[17:49:22.620] [bmv2] [D] [thread 6185] [18.0] [cxt 0] Deparsing header 'ethernet'
[17:49:22.620] [bmv2] [D] [thread 6185] [18.0] [cxt 0] Deparser 'deparser': end
[17:49:22.620] [bmv2] [D] [thread 6185] [19.0] [cxt 0] Pipeline 'egress': start
[17:49:22.620] [bmv2] [T] [thread 6185] [19.0] [cxt 0] clone.p4(182) Condition "standard_metadata.instance_type == 1" (node_7) is false
[17:49:22.620] [bmv2] [D] [thread 6185] [19.0] [cxt 0] Pipeline 'egress': end
[17:49:22.620] [bmv2] [D] [thread 6185] [19.0] [cxt 0] Deparser 'deparser': start
[17:49:22.620] [bmv2] [T] [thread 6185] [19.0] [cxt 0] Skipping checksum 'cksum' update because condition not met
[17:49:22.620] [bmv2] [D] [thread 6185] [19.0] [cxt 0] Deparsing header 'ethernet'
[17:49:22.620] [bmv2] [D] [thread 6185] [19.0] [cxt 0] Deparser 'deparser': end
[17:49:22.620] [bmv2] [D] [thread 6185] [20.0] [cxt 0] Pipeline 'egress': start
[17:49:22.620] [bmv2] [T] [thread 6185] [20.0] [cxt 0] clone.p4(182) Condition "standard_metadata.instance_type == 1" (node_7) is false
[17:49:22.620] [bmv2] [D] [thread 6185] [20.0] [cxt 0] Pipeline 'egress': end
[17:49:22.620] [bmv2] [D] [thread 6185] [20.0] [cxt 0] Deparser 'deparser': start
[17:49:22.620] [bmv2] [T] [thread 6185] [20.0] [cxt 0] Skipping checksum 'cksum' update because condition not met
[17:49:22.620] [bmv2] [D] [thread 6185] [20.0] [cxt 0] Deparsing header 'ethernet'
[17:49:22.620] [bmv2] [D] [thread 6185] [20.0] [cxt 0] Deparser 'deparser': end
[17:49:22.620] [bmv2] [D] [thread 6185] [21.0] [cxt 0] Pipeline 'egress': start
[17:49:22.620] [bmv2] [T] [thread 6185] [21.0] [cxt 0] clone.p4(182) Condition "standard_metadata.instance_type == 1" (node_7) is false
[17:49:22.620] [bmv2] [D] [thread 6185] [21.0] [cxt 0] Pipeline 'egress': end
[17:49:22.620] [bmv2] [D] [thread 6185] [21.0] [cxt 0] Deparser 'deparser': start
[17:49:22.620] [bmv2] [T] [thread 6185] [21.0] [cxt 0] Skipping checksum 'cksum' update because condition not met
[17:49:22.620] [bmv2] [D] [thread 6185] [21.0] [cxt 0] Deparsing header 'ethernet'
[17:49:22.620] [bmv2] [D] [thread 6185] [21.0] [cxt 0] Deparser 'deparser': end
[17:49:22.620] [bmv2] [D] [thread 6189] [16.0] [cxt 0] Transmitting packet of size 90 out of port 0
[17:49:22.620] [bmv2] [D] [thread 6189] [17.0] [cxt 0] Transmitting packet of size 70 out of port 0
[17:49:22.620] [bmv2] [D] [thread 6189] [18.0] [cxt 0] Transmitting packet of size 70 out of port 0
[17:49:22.620] [bmv2] [D] [thread 6189] [19.0] [cxt 0] Transmitting packet of size 90 out of port 0
[17:49:22.620] [bmv2] [D] [thread 6189] [20.0] [cxt 0] Transmitting packet of size 90 out of port 0
[17:49:22.620] [bmv2] [D] [thread 6189] [21.0] [cxt 0] Transmitting packet of size 90 out of port 0
[17:49:22.670] [bmv2] [T] [thread 6222] bm_get_config
[17:49:22.672] [bmv2] [T] [thread 6222] mirroring_sesssion_add
[17:49:22.719] [bmv2] [D] [thread 6184] [22.0] [cxt 0] Processing packet received on port 2
[17:49:22.719] [bmv2] [D] [thread 6184] [22.0] [cxt 0] Parser 'parser': start
[17:49:22.719] [bmv2] [D] [thread 6184] [22.0] [cxt 0] Parser 'parser' entering state 'start'
[17:49:22.719] [bmv2] [D] [thread 6184] [22.0] [cxt 0] Extracting header 'ethernet'
[17:49:22.719] [bmv2] [D] [thread 6184] [22.0] [cxt 0] Parser state 'start': key is 86dd
[17:49:22.719] [bmv2] [T] [thread 6184] [22.0] [cxt 0] Bytes parsed: 14
[17:49:22.719] [bmv2] [D] [thread 6184] [22.0] [cxt 0] Parser 'parser': end
[17:49:22.719] [bmv2] [D] [thread 6184] [22.0] [cxt 0] Pipeline 'ingress': start
[17:49:22.719] [bmv2] [T] [thread 6184] [22.0] [cxt 0] clone.p4(146) Condition "hdr.ipv4.isValid()" (node_2) is false
[17:49:22.719] [bmv2] [D] [thread 6184] [22.0] [cxt 0] Pipeline 'ingress': end
[17:49:22.719] [bmv2] [D] [thread 6184] [22.0] [cxt 0] Egress port is 0
[17:49:22.719] [bmv2] [D] [thread 6185] [22.0] [cxt 0] Pipeline 'egress': start
[17:49:22.719] [bmv2] [T] [thread 6185] [22.0] [cxt 0] clone.p4(182) Condition "standard_metadata.instance_type == 1" (node_7) is false
[17:49:22.719] [bmv2] [D] [thread 6185] [22.0] [cxt 0] Pipeline 'egress': end
[17:49:22.719] [bmv2] [D] [thread 6185] [22.0] [cxt 0] Deparser 'deparser': start
[17:49:22.719] [bmv2] [T] [thread 6185] [22.0] [cxt 0] Skipping checksum 'cksum' update because condition not met
[17:49:22.719] [bmv2] [D] [thread 6185] [22.0] [cxt 0] Deparsing header 'ethernet'
[17:49:22.719] [bmv2] [D] [thread 6185] [22.0] [cxt 0] Deparser 'deparser': end
[17:49:22.719] [bmv2] [D] [thread 6189] [22.0] [cxt 0] Transmitting packet of size 90 out of port 0
[17:49:25.503] [bmv2] [D] [thread 6184] [23.0] [cxt 0] Processing packet received on port 2
[17:49:25.503] [bmv2] [D] [thread 6184] [23.0] [cxt 0] Parser 'parser': start
[17:49:25.503] [bmv2] [D] [thread 6184] [23.0] [cxt 0] Parser 'parser' entering state 'start'
[17:49:25.503] [bmv2] [D] [thread 6184] [23.0] [cxt 0] Extracting header 'ethernet'
[17:49:25.503] [bmv2] [D] [thread 6184] [23.0] [cxt 0] Parser state 'start': key is 86dd
[17:49:25.503] [bmv2] [T] [thread 6184] [23.0] [cxt 0] Bytes parsed: 14
[17:49:25.503] [bmv2] [D] [thread 6184] [23.0] [cxt 0] Parser 'parser': end
[17:49:25.503] [bmv2] [D] [thread 6184] [23.0] [cxt 0] Pipeline 'ingress': start
[17:49:25.503] [bmv2] [T] [thread 6184] [23.0] [cxt 0] clone.p4(146) Condition "hdr.ipv4.isValid()" (node_2) is false
[17:49:25.503] [bmv2] [D] [thread 6184] [23.0] [cxt 0] Pipeline 'ingress': end
[17:49:25.503] [bmv2] [D] [thread 6184] [23.0] [cxt 0] Egress port is 0
[17:49:25.503] [bmv2] [D] [thread 6185] [23.0] [cxt 0] Pipeline 'egress': start
[17:49:25.503] [bmv2] [T] [thread 6185] [23.0] [cxt 0] clone.p4(182) Condition "standard_metadata.instance_type == 1" (node_7) is false
[17:49:25.503] [bmv2] [D] [thread 6185] [23.0] [cxt 0] Pipeline 'egress': end
[17:49:25.503] [bmv2] [D] [thread 6185] [23.0] [cxt 0] Deparser 'deparser': start
[17:49:25.503] [bmv2] [T] [thread 6185] [23.0] [cxt 0] Skipping checksum 'cksum' update because condition not met
[17:49:25.503] [bmv2] [D] [thread 6185] [23.0] [cxt 0] Deparsing header 'ethernet'
[17:49:25.503] [bmv2] [D] [thread 6185] [23.0] [cxt 0] Deparser 'deparser': end
[17:49:25.503] [bmv2] [D] [thread 6189] [23.0] [cxt 0] Transmitting packet of size 70 out of port 0
[17:49:25.759] [bmv2] [D] [thread 6184] [24.0] [cxt 0] Processing packet received on port 2
[17:49:25.759] [bmv2] [D] [thread 6184] [24.0] [cxt 0] Parser 'parser': start
[17:49:25.759] [bmv2] [D] [thread 6184] [24.0] [cxt 0] Parser 'parser' entering state 'start'
[17:49:25.759] [bmv2] [D] [thread 6184] [24.0] [cxt 0] Extracting header 'ethernet'
[17:49:25.759] [bmv2] [D] [thread 6184] [24.0] [cxt 0] Parser state 'start': key is 86dd
[17:49:25.760] [bmv2] [T] [thread 6184] [24.0] [cxt 0] Bytes parsed: 14
[17:49:25.760] [bmv2] [D] [thread 6184] [24.0] [cxt 0] Parser 'parser': end
[17:49:25.760] [bmv2] [D] [thread 6184] [24.0] [cxt 0] Pipeline 'ingress': start
[17:49:25.760] [bmv2] [T] [thread 6184] [24.0] [cxt 0] clone.p4(146) Condition "hdr.ipv4.isValid()" (node_2) is false
[17:49:25.760] [bmv2] [D] [thread 6184] [24.0] [cxt 0] Pipeline 'ingress': end
[17:49:25.760] [bmv2] [D] [thread 6184] [24.0] [cxt 0] Egress port is 0
[17:49:25.760] [bmv2] [D] [thread 6184] [25.0] [cxt 0] Processing packet received on port 3
[17:49:25.760] [bmv2] [D] [thread 6184] [25.0] [cxt 0] Parser 'parser': start
[17:49:25.760] [bmv2] [D] [thread 6184] [25.0] [cxt 0] Parser 'parser' entering state 'start'
[17:49:25.760] [bmv2] [D] [thread 6184] [25.0] [cxt 0] Extracting header 'ethernet'
[17:49:25.760] [bmv2] [D] [thread 6184] [25.0] [cxt 0] Parser state 'start': key is 86dd
[17:49:25.760] [bmv2] [T] [thread 6184] [25.0] [cxt 0] Bytes parsed: 14
[17:49:25.760] [bmv2] [D] [thread 6184] [25.0] [cxt 0] Parser 'parser': end
[17:49:25.760] [bmv2] [D] [thread 6184] [25.0] [cxt 0] Pipeline 'ingress': start
[17:49:25.760] [bmv2] [T] [thread 6184] [25.0] [cxt 0] clone.p4(146) Condition "hdr.ipv4.isValid()" (node_2) is false
[17:49:25.760] [bmv2] [D] [thread 6184] [25.0] [cxt 0] Pipeline 'ingress': end
[17:49:25.760] [bmv2] [D] [thread 6184] [25.0] [cxt 0] Egress port is 0
[17:49:25.760] [bmv2] [D] [thread 6184] [26.0] [cxt 0] Processing packet received on port 3
[17:49:25.760] [bmv2] [D] [thread 6184] [26.0] [cxt 0] Parser 'parser': start
[17:49:25.760] [bmv2] [D] [thread 6184] [26.0] [cxt 0] Parser 'parser' entering state 'start'
[17:49:25.760] [bmv2] [D] [thread 6184] [26.0] [cxt 0] Extracting header 'ethernet'
[17:49:25.760] [bmv2] [D] [thread 6184] [26.0] [cxt 0] Parser state 'start': key is 86dd
[17:49:25.760] [bmv2] [T] [thread 6184] [26.0] [cxt 0] Bytes parsed: 14
[17:49:25.760] [bmv2] [D] [thread 6184] [26.0] [cxt 0] Parser 'parser': end
[17:49:25.760] [bmv2] [D] [thread 6184] [26.0] [cxt 0] Pipeline 'ingress': start
[17:49:25.760] [bmv2] [T] [thread 6184] [26.0] [cxt 0] clone.p4(146) Condition "hdr.ipv4.isValid()" (node_2) is false
[17:49:25.760] [bmv2] [D] [thread 6184] [26.0] [cxt 0] Pipeline 'ingress': end
[17:49:25.760] [bmv2] [D] [thread 6184] [26.0] [cxt 0] Egress port is 0
[17:49:25.760] [bmv2] [D] [thread 6185] [24.0] [cxt 0] Pipeline 'egress': start
[17:49:25.760] [bmv2] [T] [thread 6185] [24.0] [cxt 0] clone.p4(182) Condition "standard_metadata.instance_type == 1" (node_7) is false
[17:49:25.760] [bmv2] [D] [thread 6185] [24.0] [cxt 0] Pipeline 'egress': end
[17:49:25.760] [bmv2] [D] [thread 6185] [24.0] [cxt 0] Deparser 'deparser': start
[17:49:25.760] [bmv2] [T] [thread 6185] [24.0] [cxt 0] Skipping checksum 'cksum' update because condition not met
[17:49:25.760] [bmv2] [D] [thread 6185] [24.0] [cxt 0] Deparsing header 'ethernet'
[17:49:25.760] [bmv2] [D] [thread 6185] [24.0] [cxt 0] Deparser 'deparser': end
[17:49:25.760] [bmv2] [D] [thread 6185] [25.0] [cxt 0] Pipeline 'egress': start
[17:49:25.760] [bmv2] [T] [thread 6185] [25.0] [cxt 0] clone.p4(182) Condition "standard_metadata.instance_type == 1" (node_7) is false
[17:49:25.760] [bmv2] [D] [thread 6185] [25.0] [cxt 0] Pipeline 'egress': end
[17:49:25.760] [bmv2] [D] [thread 6185] [25.0] [cxt 0] Deparser 'deparser': start
[17:49:25.760] [bmv2] [T] [thread 6185] [25.0] [cxt 0] Skipping checksum 'cksum' update because condition not met
[17:49:25.760] [bmv2] [D] [thread 6189] [24.0] [cxt 0] Transmitting packet of size 70 out of port 0
[17:49:25.760] [bmv2] [D] [thread 6185] [25.0] [cxt 0] Deparsing header 'ethernet'
[17:49:25.760] [bmv2] [D] [thread 6185] [25.0] [cxt 0] Deparser 'deparser': end
[17:49:25.760] [bmv2] [D] [thread 6185] [26.0] [cxt 0] Pipeline 'egress': start
[17:49:25.760] [bmv2] [T] [thread 6185] [26.0] [cxt 0] clone.p4(182) Condition "standard_metadata.instance_type == 1" (node_7) is false
[17:49:25.760] [bmv2] [D] [thread 6185] [26.0] [cxt 0] Pipeline 'egress': end
[17:49:25.760] [bmv2] [D] [thread 6185] [26.0] [cxt 0] Deparser 'deparser': start
[17:49:25.760] [bmv2] [D] [thread 6189] [25.0] [cxt 0] Transmitting packet of size 70 out of port 0
[17:49:25.760] [bmv2] [T] [thread 6185] [26.0] [cxt 0] Skipping checksum 'cksum' update because condition not met
[17:49:25.760] [bmv2] [D] [thread 6185] [26.0] [cxt 0] Deparsing header 'ethernet'
[17:49:25.760] [bmv2] [D] [thread 6185] [26.0] [cxt 0] Deparser 'deparser': end
[17:49:25.760] [bmv2] [D] [thread 6189] [26.0] [cxt 0] Transmitting packet of size 70 out of port 0
[17:49:26.015] [bmv2] [D] [thread 6184] [27.0] [cxt 0] Processing packet received on port 1
[17:49:26.015] [bmv2] [D] [thread 6184] [27.0] [cxt 0] Parser 'parser': start
[17:49:26.015] [bmv2] [D] [thread 6184] [27.0] [cxt 0] Parser 'parser' entering state 'start'
[17:49:26.015] [bmv2] [D] [thread 6184] [27.0] [cxt 0] Extracting header 'ethernet'
[17:49:26.015] [bmv2] [D] [thread 6184] [27.0] [cxt 0] Parser state 'start': key is 86dd
[17:49:26.015] [bmv2] [T] [thread 6184] [27.0] [cxt 0] Bytes parsed: 14
[17:49:26.015] [bmv2] [D] [thread 6184] [27.0] [cxt 0] Parser 'parser': end
[17:49:26.015] [bmv2] [D] [thread 6184] [27.0] [cxt 0] Pipeline 'ingress': start
[17:49:26.015] [bmv2] [T] [thread 6184] [27.0] [cxt 0] clone.p4(146) Condition "hdr.ipv4.isValid()" (node_2) is false
[17:49:26.015] [bmv2] [D] [thread 6184] [27.0] [cxt 0] Pipeline 'ingress': end
[17:49:26.015] [bmv2] [D] [thread 6184] [27.0] [cxt 0] Egress port is 0
[17:49:26.015] [bmv2] [D] [thread 6185] [27.0] [cxt 0] Pipeline 'egress': start
[17:49:26.015] [bmv2] [T] [thread 6185] [27.0] [cxt 0] clone.p4(182) Condition "standard_metadata.instance_type == 1" (node_7) is false
[17:49:26.015] [bmv2] [D] [thread 6185] [27.0] [cxt 0] Pipeline 'egress': end
[17:49:26.015] [bmv2] [D] [thread 6185] [27.0] [cxt 0] Deparser 'deparser': start
[17:49:26.015] [bmv2] [T] [thread 6185] [27.0] [cxt 0] Skipping checksum 'cksum' update because condition not met
[17:49:26.015] [bmv2] [D] [thread 6185] [27.0] [cxt 0] Deparsing header 'ethernet'
[17:49:26.015] [bmv2] [D] [thread 6185] [27.0] [cxt 0] Deparser 'deparser': end
[17:49:26.015] [bmv2] [D] [thread 6189] [27.0] [cxt 0] Transmitting packet of size 70 out of port 0
[17:49:32.699] [bmv2] [D] [thread 6184] [28.0] [cxt 0] Processing packet received on port 2
[17:49:32.699] [bmv2] [D] [thread 6184] [28.0] [cxt 0] Parser 'parser': start
[17:49:32.699] [bmv2] [D] [thread 6184] [28.0] [cxt 0] Parser 'parser' entering state 'start'
[17:49:32.699] [bmv2] [D] [thread 6184] [28.0] [cxt 0] Extracting header 'ethernet'
[17:49:32.699] [bmv2] [D] [thread 6184] [28.0] [cxt 0] Parser state 'start': key is 86dd
[17:49:32.699] [bmv2] [T] [thread 6184] [28.0] [cxt 0] Bytes parsed: 14
[17:49:32.699] [bmv2] [D] [thread 6184] [28.0] [cxt 0] Parser 'parser': end
[17:49:32.699] [bmv2] [D] [thread 6184] [28.0] [cxt 0] Pipeline 'ingress': start
[17:49:32.699] [bmv2] [T] [thread 6184] [28.0] [cxt 0] clone.p4(146) Condition "hdr.ipv4.isValid()" (node_2) is false
[17:49:32.699] [bmv2] [D] [thread 6184] [28.0] [cxt 0] Pipeline 'ingress': end
[17:49:32.699] [bmv2] [D] [thread 6184] [28.0] [cxt 0] Egress port is 0
[17:49:32.699] [bmv2] [D] [thread 6185] [28.0] [cxt 0] Pipeline 'egress': start
[17:49:32.699] [bmv2] [T] [thread 6185] [28.0] [cxt 0] clone.p4(182) Condition "standard_metadata.instance_type == 1" (node_7) is false
[17:49:32.699] [bmv2] [D] [thread 6185] [28.0] [cxt 0] Pipeline 'egress': end
[17:49:32.699] [bmv2] [D] [thread 6185] [28.0] [cxt 0] Deparser 'deparser': start
[17:49:32.699] [bmv2] [T] [thread 6185] [28.0] [cxt 0] Skipping checksum 'cksum' update because condition not met
[17:49:32.699] [bmv2] [D] [thread 6185] [28.0] [cxt 0] Deparsing header 'ethernet'
[17:49:32.699] [bmv2] [D] [thread 6185] [28.0] [cxt 0] Deparser 'deparser': end
[17:49:32.700] [bmv2] [D] [thread 6189] [28.0] [cxt 0] Transmitting packet of size 70 out of port 0
[17:49:33.183] [bmv2] [D] [thread 6184] [29.0] [cxt 0] Processing packet received on port 3
[17:49:33.184] [bmv2] [D] [thread 6184] [29.0] [cxt 0] Parser 'parser': start
[17:49:33.184] [bmv2] [D] [thread 6184] [29.0] [cxt 0] Parser 'parser' entering state 'start'
[17:49:33.184] [bmv2] [D] [thread 6184] [29.0] [cxt 0] Extracting header 'ethernet'
[17:49:33.184] [bmv2] [D] [thread 6184] [29.0] [cxt 0] Parser state 'start': key is 86dd
[17:49:33.184] [bmv2] [T] [thread 6184] [29.0] [cxt 0] Bytes parsed: 14
[17:49:33.184] [bmv2] [D] [thread 6184] [29.0] [cxt 0] Parser 'parser': end
[17:49:33.184] [bmv2] [D] [thread 6184] [29.0] [cxt 0] Pipeline 'ingress': start
[17:49:33.184] [bmv2] [T] [thread 6184] [29.0] [cxt 0] clone.p4(146) Condition "hdr.ipv4.isValid()" (node_2) is false
[17:49:33.184] [bmv2] [D] [thread 6184] [29.0] [cxt 0] Pipeline 'ingress': end
[17:49:33.184] [bmv2] [D] [thread 6184] [29.0] [cxt 0] Egress port is 0
[17:49:33.184] [bmv2] [D] [thread 6185] [29.0] [cxt 0] Pipeline 'egress': start
[17:49:33.184] [bmv2] [T] [thread 6185] [29.0] [cxt 0] clone.p4(182) Condition "standard_metadata.instance_type == 1" (node_7) is false
[17:49:33.184] [bmv2] [D] [thread 6185] [29.0] [cxt 0] Pipeline 'egress': end
[17:49:33.184] [bmv2] [D] [thread 6185] [29.0] [cxt 0] Deparser 'deparser': start
[17:49:33.184] [bmv2] [T] [thread 6185] [29.0] [cxt 0] Skipping checksum 'cksum' update because condition not met
[17:49:33.184] [bmv2] [D] [thread 6185] [29.0] [cxt 0] Deparsing header 'ethernet'
[17:49:33.184] [bmv2] [D] [thread 6185] [29.0] [cxt 0] Deparser 'deparser': end
[17:49:33.184] [bmv2] [D] [thread 6189] [29.0] [cxt 0] Transmitting packet of size 70 out of port 0
[17:49:33.439] [bmv2] [D] [thread 6184] [30.0] [cxt 0] Processing packet received on port 2
[17:49:33.439] [bmv2] [D] [thread 6184] [30.0] [cxt 0] Parser 'parser': start
[17:49:33.439] [bmv2] [D] [thread 6184] [30.0] [cxt 0] Parser 'parser' entering state 'start'
[17:49:33.439] [bmv2] [D] [thread 6184] [30.0] [cxt 0] Extracting header 'ethernet'
[17:49:33.439] [bmv2] [D] [thread 6184] [30.0] [cxt 0] Parser state 'start': key is 86dd
[17:49:33.439] [bmv2] [T] [thread 6184] [30.0] [cxt 0] Bytes parsed: 14
[17:49:33.439] [bmv2] [D] [thread 6184] [30.0] [cxt 0] Parser 'parser': end
[17:49:33.439] [bmv2] [D] [thread 6184] [30.0] [cxt 0] Pipeline 'ingress': start
[17:49:33.439] [bmv2] [T] [thread 6184] [30.0] [cxt 0] clone.p4(146) Condition "hdr.ipv4.isValid()" (node_2) is false
[17:49:33.439] [bmv2] [D] [thread 6184] [30.0] [cxt 0] Pipeline 'ingress': end
[17:49:33.439] [bmv2] [D] [thread 6184] [30.0] [cxt 0] Egress port is 0
[17:49:33.439] [bmv2] [D] [thread 6185] [30.0] [cxt 0] Pipeline 'egress': start
[17:49:33.439] [bmv2] [T] [thread 6185] [30.0] [cxt 0] clone.p4(182) Condition "standard_metadata.instance_type == 1" (node_7) is false
[17:49:33.439] [bmv2] [D] [thread 6185] [30.0] [cxt 0] Pipeline 'egress': end
[17:49:33.439] [bmv2] [D] [thread 6185] [30.0] [cxt 0] Deparser 'deparser': start
[17:49:33.439] [bmv2] [T] [thread 6185] [30.0] [cxt 0] Skipping checksum 'cksum' update because condition not met
[17:49:33.439] [bmv2] [D] [thread 6185] [30.0] [cxt 0] Deparsing header 'ethernet'
[17:49:33.439] [bmv2] [D] [thread 6185] [30.0] [cxt 0] Deparser 'deparser': end
[17:49:33.439] [bmv2] [D] [thread 6189] [30.0] [cxt 0] Transmitting packet of size 70 out of port 0
[17:49:34.207] [bmv2] [D] [thread 6184] [31.0] [cxt 0] Processing packet received on port 3
[17:49:34.207] [bmv2] [D] [thread 6184] [31.0] [cxt 0] Parser 'parser': start
[17:49:34.207] [bmv2] [D] [thread 6184] [31.0] [cxt 0] Parser 'parser' entering state 'start'
[17:49:34.207] [bmv2] [D] [thread 6184] [31.0] [cxt 0] Extracting header 'ethernet'
[17:49:34.207] [bmv2] [D] [thread 6184] [31.0] [cxt 0] Parser state 'start': key is 86dd
[17:49:34.207] [bmv2] [T] [thread 6184] [31.0] [cxt 0] Bytes parsed: 14
[17:49:34.207] [bmv2] [D] [thread 6184] [31.0] [cxt 0] Parser 'parser': end
[17:49:34.207] [bmv2] [D] [thread 6184] [31.0] [cxt 0] Pipeline 'ingress': start
[17:49:34.207] [bmv2] [T] [thread 6184] [31.0] [cxt 0] clone.p4(146) Condition "hdr.ipv4.isValid()" (node_2) is false
[17:49:34.207] [bmv2] [D] [thread 6184] [31.0] [cxt 0] Pipeline 'ingress': end
[17:49:34.207] [bmv2] [D] [thread 6184] [31.0] [cxt 0] Egress port is 0
[17:49:34.207] [bmv2] [D] [thread 6185] [31.0] [cxt 0] Pipeline 'egress': start
[17:49:34.207] [bmv2] [T] [thread 6185] [31.0] [cxt 0] clone.p4(182) Condition "standard_metadata.instance_type == 1" (node_7) is false
[17:49:34.207] [bmv2] [D] [thread 6185] [31.0] [cxt 0] Pipeline 'egress': end
[17:49:34.207] [bmv2] [D] [thread 6185] [31.0] [cxt 0] Deparser 'deparser': start
[17:49:34.207] [bmv2] [T] [thread 6185] [31.0] [cxt 0] Skipping checksum 'cksum' update because condition not met
[17:49:34.207] [bmv2] [D] [thread 6185] [31.0] [cxt 0] Deparsing header 'ethernet'
[17:49:34.207] [bmv2] [D] [thread 6185] [31.0] [cxt 0] Deparser 'deparser': end
[17:49:34.208] [bmv2] [D] [thread 6189] [31.0] [cxt 0] Transmitting packet of size 70 out of port 0
[17:49:34.975] [bmv2] [D] [thread 6184] [32.0] [cxt 0] Processing packet received on port 1
[17:49:34.975] [bmv2] [D] [thread 6184] [32.0] [cxt 0] Parser 'parser': start
[17:49:34.975] [bmv2] [D] [thread 6184] [32.0] [cxt 0] Parser 'parser' entering state 'start'
[17:49:34.975] [bmv2] [D] [thread 6184] [32.0] [cxt 0] Extracting header 'ethernet'
[17:49:34.975] [bmv2] [D] [thread 6184] [32.0] [cxt 0] Parser state 'start': key is 86dd
[17:49:34.975] [bmv2] [T] [thread 6184] [32.0] [cxt 0] Bytes parsed: 14
[17:49:34.975] [bmv2] [D] [thread 6184] [32.0] [cxt 0] Parser 'parser': end
[17:49:34.975] [bmv2] [D] [thread 6184] [32.0] [cxt 0] Pipeline 'ingress': start
[17:49:34.975] [bmv2] [T] [thread 6184] [32.0] [cxt 0] clone.p4(146) Condition "hdr.ipv4.isValid()" (node_2) is false
[17:49:34.975] [bmv2] [D] [thread 6184] [32.0] [cxt 0] Pipeline 'ingress': end
[17:49:34.975] [bmv2] [D] [thread 6184] [32.0] [cxt 0] Egress port is 0
[17:49:34.975] [bmv2] [D] [thread 6185] [32.0] [cxt 0] Pipeline 'egress': start
[17:49:34.975] [bmv2] [T] [thread 6185] [32.0] [cxt 0] clone.p4(182) Condition "standard_metadata.instance_type == 1" (node_7) is false
[17:49:34.975] [bmv2] [D] [thread 6185] [32.0] [cxt 0] Pipeline 'egress': end
[17:49:34.975] [bmv2] [D] [thread 6185] [32.0] [cxt 0] Deparser 'deparser': start
[17:49:34.975] [bmv2] [T] [thread 6185] [32.0] [cxt 0] Skipping checksum 'cksum' update because condition not met
[17:49:34.976] [bmv2] [D] [thread 6185] [32.0] [cxt 0] Deparsing header 'ethernet'
[17:49:34.976] [bmv2] [D] [thread 6185] [32.0] [cxt 0] Deparser 'deparser': end
[17:49:34.976] [bmv2] [D] [thread 6189] [32.0] [cxt 0] Transmitting packet of size 70 out of port 0
[17:49:47.007] [bmv2] [D] [thread 6184] [33.0] [cxt 0] Processing packet received on port 2
[17:49:47.007] [bmv2] [D] [thread 6184] [33.0] [cxt 0] Parser 'parser': start
[17:49:47.007] [bmv2] [D] [thread 6184] [33.0] [cxt 0] Parser 'parser' entering state 'start'
[17:49:47.007] [bmv2] [D] [thread 6184] [33.0] [cxt 0] Extracting header 'ethernet'
[17:49:47.007] [bmv2] [D] [thread 6184] [33.0] [cxt 0] Parser state 'start': key is 86dd
[17:49:47.007] [bmv2] [T] [thread 6184] [33.0] [cxt 0] Bytes parsed: 14
[17:49:47.007] [bmv2] [D] [thread 6184] [33.0] [cxt 0] Parser 'parser': end
[17:49:47.007] [bmv2] [D] [thread 6184] [33.0] [cxt 0] Pipeline 'ingress': start
[17:49:47.007] [bmv2] [T] [thread 6184] [33.0] [cxt 0] clone.p4(146) Condition "hdr.ipv4.isValid()" (node_2) is false
[17:49:47.007] [bmv2] [D] [thread 6184] [33.0] [cxt 0] Pipeline 'ingress': end
[17:49:47.007] [bmv2] [D] [thread 6184] [33.0] [cxt 0] Egress port is 0
[17:49:47.007] [bmv2] [D] [thread 6185] [33.0] [cxt 0] Pipeline 'egress': start
[17:49:47.007] [bmv2] [T] [thread 6185] [33.0] [cxt 0] clone.p4(182) Condition "standard_metadata.instance_type == 1" (node_7) is false
[17:49:47.007] [bmv2] [D] [thread 6185] [33.0] [cxt 0] Pipeline 'egress': end
[17:49:47.007] [bmv2] [D] [thread 6185] [33.0] [cxt 0] Deparser 'deparser': start
[17:49:47.007] [bmv2] [T] [thread 6185] [33.0] [cxt 0] Skipping checksum 'cksum' update because condition not met
[17:49:47.007] [bmv2] [D] [thread 6185] [33.0] [cxt 0] Deparsing header 'ethernet'
[17:49:47.007] [bmv2] [D] [thread 6185] [33.0] [cxt 0] Deparser 'deparser': end
[17:49:47.007] [bmv2] [D] [thread 6189] [33.0] [cxt 0] Transmitting packet of size 70 out of port 0
[17:49:48.800] [bmv2] [D] [thread 6184] [34.0] [cxt 0] Processing packet received on port 3
[17:49:48.800] [bmv2] [D] [thread 6184] [34.0] [cxt 0] Parser 'parser': start
[17:49:48.800] [bmv2] [D] [thread 6184] [34.0] [cxt 0] Parser 'parser' entering state 'start'
[17:49:48.800] [bmv2] [D] [thread 6184] [34.0] [cxt 0] Extracting header 'ethernet'
[17:49:48.800] [bmv2] [D] [thread 6184] [34.0] [cxt 0] Parser state 'start': key is 86dd
[17:49:48.800] [bmv2] [T] [thread 6184] [34.0] [cxt 0] Bytes parsed: 14
[17:49:48.800] [bmv2] [D] [thread 6184] [34.0] [cxt 0] Parser 'parser': end
[17:49:48.800] [bmv2] [D] [thread 6184] [34.0] [cxt 0] Pipeline 'ingress': start
[17:49:48.800] [bmv2] [T] [thread 6184] [34.0] [cxt 0] clone.p4(146) Condition "hdr.ipv4.isValid()" (node_2) is false
[17:49:48.800] [bmv2] [D] [thread 6184] [34.0] [cxt 0] Pipeline 'ingress': end
[17:49:48.800] [bmv2] [D] [thread 6184] [34.0] [cxt 0] Egress port is 0
[17:49:48.800] [bmv2] [D] [thread 6185] [34.0] [cxt 0] Pipeline 'egress': start
[17:49:48.800] [bmv2] [T] [thread 6185] [34.0] [cxt 0] clone.p4(182) Condition "standard_metadata.instance_type == 1" (node_7) is false
[17:49:48.800] [bmv2] [D] [thread 6185] [34.0] [cxt 0] Pipeline 'egress': end
[17:49:48.800] [bmv2] [D] [thread 6185] [34.0] [cxt 0] Deparser 'deparser': start
[17:49:48.800] [bmv2] [T] [thread 6185] [34.0] [cxt 0] Skipping checksum 'cksum' update because condition not met
[17:49:48.800] [bmv2] [D] [thread 6185] [34.0] [cxt 0] Deparsing header 'ethernet'
[17:49:48.800] [bmv2] [D] [thread 6185] [34.0] [cxt 0] Deparser 'deparser': end
[17:49:48.800] [bmv2] [D] [thread 6189] [34.0] [cxt 0] Transmitting packet of size 70 out of port 0
[17:49:49.589] [bmv2] [D] [thread 6184] [35.0] [cxt 0] Processing packet received on port 2
[17:49:49.589] [bmv2] [D] [thread 6184] [35.0] [cxt 0] Parser 'parser': start
[17:49:49.589] [bmv2] [D] [thread 6184] [35.0] [cxt 0] Parser 'parser' entering state 'start'
[17:49:49.589] [bmv2] [D] [thread 6184] [35.0] [cxt 0] Extracting header 'ethernet'
[17:49:49.589] [bmv2] [D] [thread 6184] [35.0] [cxt 0] Parser state 'start': key is 86dd
[17:49:49.589] [bmv2] [T] [thread 6184] [35.0] [cxt 0] Bytes parsed: 14
[17:49:49.589] [bmv2] [D] [thread 6184] [35.0] [cxt 0] Parser 'parser': end
[17:49:49.589] [bmv2] [D] [thread 6184] [35.0] [cxt 0] Pipeline 'ingress': start
[17:49:49.589] [bmv2] [T] [thread 6184] [35.0] [cxt 0] clone.p4(146) Condition "hdr.ipv4.isValid()" (node_2) is false
[17:49:49.589] [bmv2] [D] [thread 6184] [35.0] [cxt 0] Pipeline 'ingress': end
[17:49:49.589] [bmv2] [D] [thread 6184] [35.0] [cxt 0] Egress port is 0
[17:49:49.589] [bmv2] [D] [thread 6185] [35.0] [cxt 0] Pipeline 'egress': start
[17:49:49.589] [bmv2] [T] [thread 6185] [35.0] [cxt 0] clone.p4(182) Condition "standard_metadata.instance_type == 1" (node_7) is false
[17:49:49.589] [bmv2] [D] [thread 6185] [35.0] [cxt 0] Pipeline 'egress': end
[17:49:49.589] [bmv2] [D] [thread 6185] [35.0] [cxt 0] Deparser 'deparser': start
[17:49:49.589] [bmv2] [T] [thread 6185] [35.0] [cxt 0] Skipping checksum 'cksum' update because condition not met
[17:49:49.589] [bmv2] [D] [thread 6185] [35.0] [cxt 0] Deparsing header 'ethernet'
[17:49:49.589] [bmv2] [D] [thread 6185] [35.0] [cxt 0] Deparser 'deparser': end
[17:49:49.589] [bmv2] [D] [thread 6189] [35.0] [cxt 0] Transmitting packet of size 70 out of port 0
[17:49:50.341] [bmv2] [D] [thread 6184] [36.0] [cxt 0] Processing packet received on port 3
[17:49:50.341] [bmv2] [D] [thread 6184] [36.0] [cxt 0] Parser 'parser': start
[17:49:50.341] [bmv2] [D] [thread 6184] [36.0] [cxt 0] Parser 'parser' entering state 'start'
[17:49:50.341] [bmv2] [D] [thread 6184] [36.0] [cxt 0] Extracting header 'ethernet'
[17:49:50.341] [bmv2] [D] [thread 6184] [36.0] [cxt 0] Parser state 'start': key is 86dd
[17:49:50.341] [bmv2] [T] [thread 6184] [36.0] [cxt 0] Bytes parsed: 14
[17:49:50.341] [bmv2] [D] [thread 6184] [36.0] [cxt 0] Parser 'parser': end
[17:49:50.341] [bmv2] [D] [thread 6184] [36.0] [cxt 0] Pipeline 'ingress': start
[17:49:50.341] [bmv2] [T] [thread 6184] [36.0] [cxt 0] clone.p4(146) Condition "hdr.ipv4.isValid()" (node_2) is false
[17:49:50.341] [bmv2] [D] [thread 6184] [36.0] [cxt 0] Pipeline 'ingress': end
[17:49:50.341] [bmv2] [D] [thread 6184] [36.0] [cxt 0] Egress port is 0
[17:49:50.341] [bmv2] [D] [thread 6185] [36.0] [cxt 0] Pipeline 'egress': start
[17:49:50.341] [bmv2] [T] [thread 6185] [36.0] [cxt 0] clone.p4(182) Condition "standard_metadata.instance_type == 1" (node_7) is false
[17:49:50.341] [bmv2] [D] [thread 6185] [36.0] [cxt 0] Pipeline 'egress': end
[17:49:50.341] [bmv2] [D] [thread 6185] [36.0] [cxt 0] Deparser 'deparser': start
[17:49:50.341] [bmv2] [T] [thread 6185] [36.0] [cxt 0] Skipping checksum 'cksum' update because condition not met
[17:49:50.341] [bmv2] [D] [thread 6185] [36.0] [cxt 0] Deparsing header 'ethernet'
[17:49:50.341] [bmv2] [D] [thread 6185] [36.0] [cxt 0] Deparser 'deparser': end
[17:49:50.341] [bmv2] [D] [thread 6189] [36.0] [cxt 0] Transmitting packet of size 70 out of port 0
[17:49:54.967] [bmv2] [D] [thread 6184] [37.0] [cxt 0] Processing packet received on port 1
[17:49:54.967] [bmv2] [D] [thread 6184] [37.0] [cxt 0] Parser 'parser': start
[17:49:54.967] [bmv2] [D] [thread 6184] [37.0] [cxt 0] Parser 'parser' entering state 'start'
[17:49:54.967] [bmv2] [D] [thread 6184] [37.0] [cxt 0] Extracting header 'ethernet'
[17:49:54.967] [bmv2] [D] [thread 6184] [37.0] [cxt 0] Parser state 'start': key is 86dd
[17:49:54.967] [bmv2] [T] [thread 6184] [37.0] [cxt 0] Bytes parsed: 14
[17:49:54.967] [bmv2] [D] [thread 6184] [37.0] [cxt 0] Parser 'parser': end
[17:49:54.967] [bmv2] [D] [thread 6184] [37.0] [cxt 0] Pipeline 'ingress': start
[17:49:54.967] [bmv2] [T] [thread 6184] [37.0] [cxt 0] clone.p4(146) Condition "hdr.ipv4.isValid()" (node_2) is false
[17:49:54.967] [bmv2] [D] [thread 6184] [37.0] [cxt 0] Pipeline 'ingress': end
[17:49:54.967] [bmv2] [D] [thread 6184] [37.0] [cxt 0] Egress port is 0
[17:49:54.967] [bmv2] [D] [thread 6185] [37.0] [cxt 0] Pipeline 'egress': start
[17:49:54.967] [bmv2] [T] [thread 6185] [37.0] [cxt 0] clone.p4(182) Condition "standard_metadata.instance_type == 1" (node_7) is false
[17:49:54.967] [bmv2] [D] [thread 6185] [37.0] [cxt 0] Pipeline 'egress': end
[17:49:54.967] [bmv2] [D] [thread 6185] [37.0] [cxt 0] Deparser 'deparser': start
[17:49:54.967] [bmv2] [T] [thread 6185] [37.0] [cxt 0] Skipping checksum 'cksum' update because condition not met
[17:49:54.967] [bmv2] [D] [thread 6185] [37.0] [cxt 0] Deparsing header 'ethernet'
[17:49:54.967] [bmv2] [D] [thread 6185] [37.0] [cxt 0] Deparser 'deparser': end
[17:49:54.967] [bmv2] [D] [thread 6189] [37.0] [cxt 0] Transmitting packet of size 70 out of port 0
[17:50:15.428] [bmv2] [D] [thread 6184] [38.0] [cxt 0] Processing packet received on port 2
[17:50:15.428] [bmv2] [D] [thread 6184] [38.0] [cxt 0] Parser 'parser': start
[17:50:15.428] [bmv2] [D] [thread 6184] [38.0] [cxt 0] Parser 'parser' entering state 'start'
[17:50:15.428] [bmv2] [D] [thread 6184] [38.0] [cxt 0] Extracting header 'ethernet'
[17:50:15.428] [bmv2] [D] [thread 6184] [38.0] [cxt 0] Parser state 'start': key is 86dd
[17:50:15.428] [bmv2] [T] [thread 6184] [38.0] [cxt 0] Bytes parsed: 14
[17:50:15.428] [bmv2] [D] [thread 6184] [38.0] [cxt 0] Parser 'parser': end
[17:50:15.428] [bmv2] [D] [thread 6184] [38.0] [cxt 0] Pipeline 'ingress': start
[17:50:15.428] [bmv2] [T] [thread 6184] [38.0] [cxt 0] clone.p4(146) Condition "hdr.ipv4.isValid()" (node_2) is false
[17:50:15.428] [bmv2] [D] [thread 6184] [38.0] [cxt 0] Pipeline 'ingress': end
[17:50:15.428] [bmv2] [D] [thread 6184] [38.0] [cxt 0] Egress port is 0
[17:50:15.428] [bmv2] [D] [thread 6185] [38.0] [cxt 0] Pipeline 'egress': start
[17:50:15.428] [bmv2] [T] [thread 6185] [38.0] [cxt 0] clone.p4(182) Condition "standard_metadata.instance_type == 1" (node_7) is false
[17:50:15.428] [bmv2] [D] [thread 6185] [38.0] [cxt 0] Pipeline 'egress': end
[17:50:15.428] [bmv2] [D] [thread 6185] [38.0] [cxt 0] Deparser 'deparser': start
[17:50:15.428] [bmv2] [T] [thread 6185] [38.0] [cxt 0] Skipping checksum 'cksum' update because condition not met
[17:50:15.428] [bmv2] [D] [thread 6185] [38.0] [cxt 0] Deparsing header 'ethernet'
[17:50:15.428] [bmv2] [D] [thread 6185] [38.0] [cxt 0] Deparser 'deparser': end
[17:50:15.428] [bmv2] [D] [thread 6189] [38.0] [cxt 0] Transmitting packet of size 70 out of port 0
[17:50:19.520] [bmv2] [D] [thread 6184] [39.0] [cxt 0] Processing packet received on port 3
[17:50:19.520] [bmv2] [D] [thread 6184] [39.0] [cxt 0] Parser 'parser': start
[17:50:19.520] [bmv2] [D] [thread 6184] [39.0] [cxt 0] Parser 'parser' entering state 'start'
[17:50:19.520] [bmv2] [D] [thread 6184] [39.0] [cxt 0] Extracting header 'ethernet'
[17:50:19.520] [bmv2] [D] [thread 6184] [39.0] [cxt 0] Parser state 'start': key is 86dd
[17:50:19.520] [bmv2] [T] [thread 6184] [39.0] [cxt 0] Bytes parsed: 14
[17:50:19.520] [bmv2] [D] [thread 6184] [39.0] [cxt 0] Parser 'parser': end
[17:50:19.520] [bmv2] [D] [thread 6184] [39.0] [cxt 0] Pipeline 'ingress': start
[17:50:19.520] [bmv2] [T] [thread 6184] [39.0] [cxt 0] clone.p4(146) Condition "hdr.ipv4.isValid()" (node_2) is false
[17:50:19.520] [bmv2] [D] [thread 6184] [39.0] [cxt 0] Pipeline 'ingress': end
[17:50:19.520] [bmv2] [D] [thread 6184] [39.0] [cxt 0] Egress port is 0
[17:50:19.520] [bmv2] [D] [thread 6185] [39.0] [cxt 0] Pipeline 'egress': start
[17:50:19.520] [bmv2] [T] [thread 6185] [39.0] [cxt 0] clone.p4(182) Condition "standard_metadata.instance_type == 1" (node_7) is false
[17:50:19.520] [bmv2] [D] [thread 6185] [39.0] [cxt 0] Pipeline 'egress': end
[17:50:19.520] [bmv2] [D] [thread 6185] [39.0] [cxt 0] Deparser 'deparser': start
[17:50:19.520] [bmv2] [T] [thread 6185] [39.0] [cxt 0] Skipping checksum 'cksum' update because condition not met
[17:50:19.520] [bmv2] [D] [thread 6185] [39.0] [cxt 0] Deparsing header 'ethernet'
[17:50:19.520] [bmv2] [D] [thread 6185] [39.0] [cxt 0] Deparser 'deparser': end
[17:50:19.520] [bmv2] [D] [thread 6189] [39.0] [cxt 0] Transmitting packet of size 70 out of port 0
[17:50:23.616] [bmv2] [D] [thread 6184] [40.0] [cxt 0] Processing packet received on port 2
[17:50:23.616] [bmv2] [D] [thread 6184] [40.0] [cxt 0] Parser 'parser': start
[17:50:23.616] [bmv2] [D] [thread 6184] [40.0] [cxt 0] Parser 'parser' entering state 'start'
[17:50:23.616] [bmv2] [D] [thread 6184] [40.0] [cxt 0] Extracting header 'ethernet'
[17:50:23.616] [bmv2] [D] [thread 6184] [40.0] [cxt 0] Parser state 'start': key is 86dd
[17:50:23.616] [bmv2] [T] [thread 6184] [40.0] [cxt 0] Bytes parsed: 14
[17:50:23.616] [bmv2] [D] [thread 6184] [40.0] [cxt 0] Parser 'parser': end
[17:50:23.616] [bmv2] [D] [thread 6184] [40.0] [cxt 0] Pipeline 'ingress': start
[17:50:23.616] [bmv2] [T] [thread 6184] [40.0] [cxt 0] clone.p4(146) Condition "hdr.ipv4.isValid()" (node_2) is false
[17:50:23.616] [bmv2] [D] [thread 6184] [40.0] [cxt 0] Pipeline 'ingress': end
[17:50:23.616] [bmv2] [D] [thread 6184] [40.0] [cxt 0] Egress port is 0
[17:50:23.616] [bmv2] [D] [thread 6185] [40.0] [cxt 0] Pipeline 'egress': start
[17:50:23.616] [bmv2] [T] [thread 6185] [40.0] [cxt 0] clone.p4(182) Condition "standard_metadata.instance_type == 1" (node_7) is false
[17:50:23.616] [bmv2] [D] [thread 6185] [40.0] [cxt 0] Pipeline 'egress': end
[17:50:23.616] [bmv2] [D] [thread 6185] [40.0] [cxt 0] Deparser 'deparser': start
[17:50:23.616] [bmv2] [T] [thread 6185] [40.0] [cxt 0] Skipping checksum 'cksum' update because condition not met
[17:50:23.616] [bmv2] [D] [thread 6185] [40.0] [cxt 0] Deparsing header 'ethernet'
[17:50:23.616] [bmv2] [D] [thread 6185] [40.0] [cxt 0] Deparser 'deparser': end
[17:50:23.616] [bmv2] [D] [thread 6189] [40.0] [cxt 0] Transmitting packet of size 70 out of port 0
[17:50:25.663] [bmv2] [D] [thread 6184] [41.0] [cxt 0] Processing packet received on port 3
[17:50:25.663] [bmv2] [D] [thread 6184] [41.0] [cxt 0] Parser 'parser': start
[17:50:25.663] [bmv2] [D] [thread 6184] [41.0] [cxt 0] Parser 'parser' entering state 'start'
[17:50:25.663] [bmv2] [D] [thread 6184] [41.0] [cxt 0] Extracting header 'ethernet'
[17:50:25.663] [bmv2] [D] [thread 6184] [41.0] [cxt 0] Parser state 'start': key is 86dd
[17:50:25.663] [bmv2] [T] [thread 6184] [41.0] [cxt 0] Bytes parsed: 14
[17:50:25.663] [bmv2] [D] [thread 6184] [41.0] [cxt 0] Parser 'parser': end
[17:50:25.663] [bmv2] [D] [thread 6184] [41.0] [cxt 0] Pipeline 'ingress': start
[17:50:25.663] [bmv2] [T] [thread 6184] [41.0] [cxt 0] clone.p4(146) Condition "hdr.ipv4.isValid()" (node_2) is false
[17:50:25.663] [bmv2] [D] [thread 6184] [41.0] [cxt 0] Pipeline 'ingress': end
[17:50:25.663] [bmv2] [D] [thread 6184] [41.0] [cxt 0] Egress port is 0
[17:50:25.664] [bmv2] [D] [thread 6185] [41.0] [cxt 0] Pipeline 'egress': start
[17:50:25.664] [bmv2] [T] [thread 6185] [41.0] [cxt 0] clone.p4(182) Condition "standard_metadata.instance_type == 1" (node_7) is false
[17:50:25.664] [bmv2] [D] [thread 6185] [41.0] [cxt 0] Pipeline 'egress': end
[17:50:25.664] [bmv2] [D] [thread 6185] [41.0] [cxt 0] Deparser 'deparser': start
[17:50:25.664] [bmv2] [T] [thread 6185] [41.0] [cxt 0] Skipping checksum 'cksum' update because condition not met
[17:50:25.664] [bmv2] [D] [thread 6185] [41.0] [cxt 0] Deparsing header 'ethernet'
[17:50:25.664] [bmv2] [D] [thread 6185] [41.0] [cxt 0] Deparser 'deparser': end
[17:50:25.664] [bmv2] [D] [thread 6189] [41.0] [cxt 0] Transmitting packet of size 70 out of port 0
