Calling target program-options parser
Adding interface s3-eth1 as port 1
[15:36:27.418] [bmv2] [D] [thread 41109] Adding interface s3-eth1 as port 1
Adding interface s3-eth2 as port 2
[15:36:27.462] [bmv2] [D] [thread 41109] Adding interface s3-eth2 as port 2
Adding interface s3-eth3 as port 3
[15:36:27.498] [bmv2] [D] [thread 41109] Adding interface s3-eth3 as port 3
Server listening on 0.0.0.0:50053
[15:36:27.554] [bmv2] [I] [thread 41109] Starting Thrift server on port 9092
[15:36:27.554] [bmv2] [I] [thread 41109] Thrift server was started
[15:36:28.967] [bmv2] [W] [thread 41161] [P4Runtime] p4::tmp::P4DeviceConfig is deprecated
[15:36:28.968] [bmv2] [D] [thread 41161] Set default default entry for table 'tbl_clone_packet': MyIngress.clone_packet - 
[15:36:28.968] [bmv2] [D] [thread 41161] Set default default entry for table 'MyIngress.ipv4_forward_table': NoAction - 
[15:36:28.968] [bmv2] [D] [thread 41161] Set default default entry for table 'tbl_change_ipv4_addr': MyEgress.change_ipv4_addr - 
[15:36:28.968] [bmv2] [D] [thread 41161] Set default default entry for table 'tbl_clear_ttl': MyEgress.clear_ttl - 
[15:36:28.968] [bmv2] [D] [thread 41161] simple_switch target has been notified of a config swap
[15:36:28.969] [bmv2] [D] [thread 41169] [0.0] [cxt 0] Processing packet received on port 1
[15:36:28.969] [bmv2] [D] [thread 41169] [0.0] [cxt 0] Parser 'parser': start
[15:36:28.969] [bmv2] [D] [thread 41169] [0.0] [cxt 0] Parser 'parser' entering state 'start'
[15:36:28.969] [bmv2] [D] [thread 41169] [0.0] [cxt 0] Extracting header 'ethernet'
[15:36:28.969] [bmv2] [D] [thread 41169] [0.0] [cxt 0] Parser state 'start': key is 86dd
[15:36:28.969] [bmv2] [T] [thread 41169] [0.0] [cxt 0] Bytes parsed: 14
[15:36:28.969] [bmv2] [D] [thread 41169] [0.0] [cxt 0] Parser 'parser': end
[15:36:28.969] [bmv2] [D] [thread 41169] [0.0] [cxt 0] Pipeline 'ingress': start
[15:36:28.969] [bmv2] [T] [thread 41169] [0.0] [cxt 0] clone.p4(146) Condition "hdr.ipv4.isValid()" (node_2) is false
[15:36:28.969] [bmv2] [D] [thread 41169] [0.0] [cxt 0] Pipeline 'ingress': end
[15:36:28.969] [bmv2] [D] [thread 41169] [0.0] [cxt 0] Egress port is 0
[15:36:28.969] [bmv2] [D] [thread 41169] [1.0] [cxt 0] Processing packet received on port 2
[15:36:28.969] [bmv2] [D] [thread 41169] [1.0] [cxt 0] Parser 'parser': start
[15:36:28.969] [bmv2] [D] [thread 41169] [1.0] [cxt 0] Parser 'parser' entering state 'start'
[15:36:28.969] [bmv2] [D] [thread 41169] [1.0] [cxt 0] Extracting header 'ethernet'
[15:36:28.969] [bmv2] [D] [thread 41169] [1.0] [cxt 0] Parser state 'start': key is 86dd
[15:36:28.969] [bmv2] [T] [thread 41169] [1.0] [cxt 0] Bytes parsed: 14
[15:36:28.969] [bmv2] [D] [thread 41169] [1.0] [cxt 0] Parser 'parser': end
[15:36:28.969] [bmv2] [D] [thread 41169] [1.0] [cxt 0] Pipeline 'ingress': start
[15:36:28.969] [bmv2] [T] [thread 41169] [1.0] [cxt 0] clone.p4(146) Condition "hdr.ipv4.isValid()" (node_2) is false
[15:36:28.969] [bmv2] [D] [thread 41169] [1.0] [cxt 0] Pipeline 'ingress': end
[15:36:28.969] [bmv2] [D] [thread 41169] [1.0] [cxt 0] Egress port is 0
[15:36:28.969] [bmv2] [D] [thread 41169] [2.0] [cxt 0] Processing packet received on port 3
[15:36:28.969] [bmv2] [D] [thread 41170] [0.0] [cxt 0] Pipeline 'egress': start
[15:36:28.969] [bmv2] [D] [thread 41169] [2.0] [cxt 0] Parser 'parser': start
[15:36:28.969] [bmv2] [T] [thread 41170] [0.0] [cxt 0] clone.p4(182) Condition "standard_metadata.instance_type == 1" (node_7) is false
[15:36:28.969] [bmv2] [D] [thread 41170] [0.0] [cxt 0] Pipeline 'egress': end
[15:36:28.969] [bmv2] [D] [thread 41169] [2.0] [cxt 0] Parser 'parser' entering state 'start'
[15:36:28.969] [bmv2] [D] [thread 41169] [2.0] [cxt 0] Extracting header 'ethernet'
[15:36:28.969] [bmv2] [D] [thread 41169] [2.0] [cxt 0] Parser state 'start': key is 86dd
[15:36:28.969] [bmv2] [T] [thread 41169] [2.0] [cxt 0] Bytes parsed: 14
[15:36:28.969] [bmv2] [D] [thread 41169] [2.0] [cxt 0] Parser 'parser': end
[15:36:28.969] [bmv2] [D] [thread 41169] [2.0] [cxt 0] Pipeline 'ingress': start
[15:36:28.969] [bmv2] [T] [thread 41169] [2.0] [cxt 0] clone.p4(146) Condition "hdr.ipv4.isValid()" (node_2) is false
[15:36:28.969] [bmv2] [D] [thread 41169] [2.0] [cxt 0] Pipeline 'ingress': end
[15:36:28.969] [bmv2] [D] [thread 41169] [2.0] [cxt 0] Egress port is 0
[15:36:28.969] [bmv2] [D] [thread 41169] [3.0] [cxt 0] Processing packet received on port 2
[15:36:28.969] [bmv2] [D] [thread 41169] [3.0] [cxt 0] Parser 'parser': start
[15:36:28.969] [bmv2] [D] [thread 41169] [3.0] [cxt 0] Parser 'parser' entering state 'start'
[15:36:28.969] [bmv2] [D] [thread 41169] [3.0] [cxt 0] Extracting header 'ethernet'
[15:36:28.969] [bmv2] [D] [thread 41169] [3.0] [cxt 0] Parser state 'start': key is 86dd
[15:36:28.969] [bmv2] [T] [thread 41169] [3.0] [cxt 0] Bytes parsed: 14
[15:36:28.969] [bmv2] [D] [thread 41169] [3.0] [cxt 0] Parser 'parser': end
[15:36:28.969] [bmv2] [D] [thread 41169] [3.0] [cxt 0] Pipeline 'ingress': start
[15:36:28.969] [bmv2] [T] [thread 41169] [3.0] [cxt 0] clone.p4(146) Condition "hdr.ipv4.isValid()" (node_2) is false
[15:36:28.969] [bmv2] [D] [thread 41169] [3.0] [cxt 0] Pipeline 'ingress': end
[15:36:28.969] [bmv2] [D] [thread 41169] [3.0] [cxt 0] Egress port is 0
[15:36:28.969] [bmv2] [D] [thread 41162] Set default entry for table 'MyIngress.ipv4_forward_table': MyIngress.drop - 
[15:36:28.969] [bmv2] [D] [thread 41169] [4.0] [cxt 0] Processing packet received on port 3
[15:36:28.969] [bmv2] [D] [thread 41169] [4.0] [cxt 0] Parser 'parser': start
[15:36:28.969] [bmv2] [D] [thread 41169] [4.0] [cxt 0] Parser 'parser' entering state 'start'
[15:36:28.969] [bmv2] [D] [thread 41169] [4.0] [cxt 0] Extracting header 'ethernet'
[15:36:28.969] [bmv2] [D] [thread 41169] [4.0] [cxt 0] Parser state 'start': key is 86dd
[15:36:28.969] [bmv2] [T] [thread 41169] [4.0] [cxt 0] Bytes parsed: 14
[15:36:28.969] [bmv2] [D] [thread 41169] [4.0] [cxt 0] Parser 'parser': end
[15:36:28.969] [bmv2] [D] [thread 41169] [4.0] [cxt 0] Pipeline 'ingress': start
[15:36:28.969] [bmv2] [T] [thread 41169] [4.0] [cxt 0] clone.p4(146) Condition "hdr.ipv4.isValid()" (node_2) is false
[15:36:28.969] [bmv2] [D] [thread 41169] [4.0] [cxt 0] Pipeline 'ingress': end
[15:36:28.969] [bmv2] [D] [thread 41169] [4.0] [cxt 0] Egress port is 0
[15:36:28.969] [bmv2] [D] [thread 41169] [5.0] [cxt 0] Processing packet received on port 2
[15:36:28.969] [bmv2] [D] [thread 41170] [0.0] [cxt 0] Deparser 'deparser': start
[15:36:28.969] [bmv2] [T] [thread 41170] [0.0] [cxt 0] Skipping checksum 'cksum' update because condition not met
[15:36:28.969] [bmv2] [D] [thread 41170] [0.0] [cxt 0] Deparsing header 'ethernet'
[15:36:28.969] [bmv2] [D] [thread 41170] [0.0] [cxt 0] Deparser 'deparser': end
[15:36:28.969] [bmv2] [D] [thread 41170] [1.0] [cxt 0] Pipeline 'egress': start
[15:36:28.969] [bmv2] [T] [thread 41170] [1.0] [cxt 0] clone.p4(182) Condition "standard_metadata.instance_type == 1" (node_7) is false
[15:36:28.969] [bmv2] [D] [thread 41170] [1.0] [cxt 0] Pipeline 'egress': end
[15:36:28.969] [bmv2] [D] [thread 41170] [1.0] [cxt 0] Deparser 'deparser': start
[15:36:28.969] [bmv2] [T] [thread 41170] [1.0] [cxt 0] Skipping checksum 'cksum' update because condition not met
[15:36:28.969] [bmv2] [D] [thread 41170] [1.0] [cxt 0] Deparsing header 'ethernet'
[15:36:28.969] [bmv2] [D] [thread 41170] [1.0] [cxt 0] Deparser 'deparser': end
[15:36:28.969] [bmv2] [D] [thread 41170] [2.0] [cxt 0] Pipeline 'egress': start
[15:36:28.969] [bmv2] [T] [thread 41170] [2.0] [cxt 0] clone.p4(182) Condition "standard_metadata.instance_type == 1" (node_7) is false
[15:36:28.969] [bmv2] [D] [thread 41170] [2.0] [cxt 0] Pipeline 'egress': end
[15:36:28.969] [bmv2] [D] [thread 41174] [0.0] [cxt 0] Transmitting packet of size 90 out of port 0
[15:36:28.969] [bmv2] [D] [thread 41170] [2.0] [cxt 0] Deparser 'deparser': start
[15:36:28.969] [bmv2] [T] [thread 41170] [2.0] [cxt 0] Skipping checksum 'cksum' update because condition not met
[15:36:28.969] [bmv2] [D] [thread 41174] [1.0] [cxt 0] Transmitting packet of size 90 out of port 0
[15:36:28.969] [bmv2] [D] [thread 41170] [2.0] [cxt 0] Deparsing header 'ethernet'
[15:36:28.969] [bmv2] [D] [thread 41170] [2.0] [cxt 0] Deparser 'deparser': end
[15:36:28.969] [bmv2] [D] [thread 41170] [3.0] [cxt 0] Pipeline 'egress': start
[15:36:28.969] [bmv2] [T] [thread 41170] [3.0] [cxt 0] clone.p4(182) Condition "standard_metadata.instance_type == 1" (node_7) is false
[15:36:28.969] [bmv2] [D] [thread 41170] [3.0] [cxt 0] Pipeline 'egress': end
[15:36:28.969] [bmv2] [D] [thread 41174] [2.0] [cxt 0] Transmitting packet of size 90 out of port 0
[15:36:28.969] [bmv2] [D] [thread 41170] [3.0] [cxt 0] Deparser 'deparser': start
[15:36:28.969] [bmv2] [T] [thread 41170] [3.0] [cxt 0] Skipping checksum 'cksum' update because condition not met
[15:36:28.969] [bmv2] [D] [thread 41170] [3.0] [cxt 0] Deparsing header 'ethernet'
[15:36:28.969] [bmv2] [D] [thread 41170] [3.0] [cxt 0] Deparser 'deparser': end
[15:36:28.969] [bmv2] [D] [thread 41170] [4.0] [cxt 0] Pipeline 'egress': start
[15:36:28.969] [bmv2] [D] [thread 41174] [3.0] [cxt 0] Transmitting packet of size 70 out of port 0
[15:36:28.969] [bmv2] [T] [thread 41170] [4.0] [cxt 0] clone.p4(182) Condition "standard_metadata.instance_type == 1" (node_7) is false
[15:36:28.969] [bmv2] [D] [thread 41170] [4.0] [cxt 0] Pipeline 'egress': end
[15:36:28.969] [bmv2] [D] [thread 41170] [4.0] [cxt 0] Deparser 'deparser': start
[15:36:28.969] [bmv2] [T] [thread 41170] [4.0] [cxt 0] Skipping checksum 'cksum' update because condition not met
[15:36:28.969] [bmv2] [D] [thread 41170] [4.0] [cxt 0] Deparsing header 'ethernet'
[15:36:28.969] [bmv2] [D] [thread 41170] [4.0] [cxt 0] Deparser 'deparser': end
[15:36:28.969] [bmv2] [D] [thread 41174] [4.0] [cxt 0] Transmitting packet of size 70 out of port 0
[15:36:28.969] [bmv2] [D] [thread 41169] [5.0] [cxt 0] Parser 'parser': start
[15:36:28.970] [bmv2] [D] [thread 41169] [5.0] [cxt 0] Parser 'parser' entering state 'start'
[15:36:28.970] [bmv2] [D] [thread 41169] [5.0] [cxt 0] Extracting header 'ethernet'
[15:36:28.970] [bmv2] [D] [thread 41169] [5.0] [cxt 0] Parser state 'start': key is 86dd
[15:36:28.970] [bmv2] [T] [thread 41169] [5.0] [cxt 0] Bytes parsed: 14
[15:36:28.970] [bmv2] [D] [thread 41169] [5.0] [cxt 0] Parser 'parser': end
[15:36:28.970] [bmv2] [D] [thread 41169] [5.0] [cxt 0] Pipeline 'ingress': start
[15:36:28.970] [bmv2] [T] [thread 41169] [5.0] [cxt 0] clone.p4(146) Condition "hdr.ipv4.isValid()" (node_2) is false
[15:36:28.970] [bmv2] [D] [thread 41169] [5.0] [cxt 0] Pipeline 'ingress': end
[15:36:28.970] [bmv2] [D] [thread 41161] Entry 0 added to table 'MyIngress.ipv4_forward_table'
[15:36:28.970] [bmv2] [D] [thread 41169] [5.0] [cxt 0] Egress port is 0
[15:36:28.970] [bmv2] [D] [thread 41161] Dumping entry 0
Match key:
* hdr.ipv4.dstAddr    : LPM       0a000101/32
Action entry: MyIngress.ipv4_forward - 101,2,

[15:36:28.970] [bmv2] [D] [thread 41170] [5.0] [cxt 0] Pipeline 'egress': start
[15:36:28.970] [bmv2] [T] [thread 41170] [5.0] [cxt 0] clone.p4(182) Condition "standard_metadata.instance_type == 1" (node_7) is false
[15:36:28.970] [bmv2] [D] [thread 41170] [5.0] [cxt 0] Pipeline 'egress': end
[15:36:28.970] [bmv2] [D] [thread 41170] [5.0] [cxt 0] Deparser 'deparser': start
[15:36:28.970] [bmv2] [T] [thread 41170] [5.0] [cxt 0] Skipping checksum 'cksum' update because condition not met
[15:36:28.970] [bmv2] [D] [thread 41170] [5.0] [cxt 0] Deparsing header 'ethernet'
[15:36:28.970] [bmv2] [D] [thread 41170] [5.0] [cxt 0] Deparser 'deparser': end
[15:36:28.970] [bmv2] [D] [thread 41169] [6.0] [cxt 0] Processing packet received on port 3
[15:36:28.970] [bmv2] [D] [thread 41174] [5.0] [cxt 0] Transmitting packet of size 90 out of port 0
[15:36:28.970] [bmv2] [D] [thread 41169] [6.0] [cxt 0] Parser 'parser': start
[15:36:28.970] [bmv2] [D] [thread 41169] [6.0] [cxt 0] Parser 'parser' entering state 'start'
[15:36:28.970] [bmv2] [D] [thread 41169] [6.0] [cxt 0] Extracting header 'ethernet'
[15:36:28.970] [bmv2] [D] [thread 41169] [6.0] [cxt 0] Parser state 'start': key is 86dd
[15:36:28.970] [bmv2] [T] [thread 41169] [6.0] [cxt 0] Bytes parsed: 14
[15:36:28.970] [bmv2] [D] [thread 41169] [6.0] [cxt 0] Parser 'parser': end
[15:36:28.970] [bmv2] [D] [thread 41169] [6.0] [cxt 0] Pipeline 'ingress': start
[15:36:28.970] [bmv2] [T] [thread 41169] [6.0] [cxt 0] clone.p4(146) Condition "hdr.ipv4.isValid()" (node_2) is false
[15:36:28.970] [bmv2] [D] [thread 41169] [6.0] [cxt 0] Pipeline 'ingress': end
[15:36:28.970] [bmv2] [D] [thread 41169] [6.0] [cxt 0] Egress port is 0
[15:36:28.970] [bmv2] [D] [thread 41169] [7.0] [cxt 0] Processing packet received on port 2
[15:36:28.970] [bmv2] [D] [thread 41169] [7.0] [cxt 0] Parser 'parser': start
[15:36:28.970] [bmv2] [D] [thread 41169] [7.0] [cxt 0] Parser 'parser' entering state 'start'
[15:36:28.970] [bmv2] [D] [thread 41169] [7.0] [cxt 0] Extracting header 'ethernet'
[15:36:28.970] [bmv2] [D] [thread 41169] [7.0] [cxt 0] Parser state 'start': key is 86dd
[15:36:28.970] [bmv2] [T] [thread 41169] [7.0] [cxt 0] Bytes parsed: 14
[15:36:28.970] [bmv2] [D] [thread 41169] [7.0] [cxt 0] Parser 'parser': end
[15:36:28.970] [bmv2] [D] [thread 41169] [7.0] [cxt 0] Pipeline 'ingress': start
[15:36:28.970] [bmv2] [D] [thread 41170] [6.0] [cxt 0] Pipeline 'egress': start
[15:36:28.970] [bmv2] [T] [thread 41170] [6.0] [cxt 0] clone.p4(182) Condition "standard_metadata.instance_type == 1" (node_7) is false
[15:36:28.970] [bmv2] [D] [thread 41170] [6.0] [cxt 0] Pipeline 'egress': end
[15:36:28.970] [bmv2] [T] [thread 41169] [7.0] [cxt 0] clone.p4(146) Condition "hdr.ipv4.isValid()" (node_2) is false
[15:36:28.970] [bmv2] [D] [thread 41169] [7.0] [cxt 0] Pipeline 'ingress': end
[15:36:28.970] [bmv2] [D] [thread 41170] [6.0] [cxt 0] Deparser 'deparser': start
[15:36:28.970] [bmv2] [T] [thread 41170] [6.0] [cxt 0] Skipping checksum 'cksum' update because condition not met
[15:36:28.970] [bmv2] [D] [thread 41170] [6.0] [cxt 0] Deparsing header 'ethernet'
[15:36:28.970] [bmv2] [D] [thread 41170] [6.0] [cxt 0] Deparser 'deparser': end
[15:36:28.970] [bmv2] [D] [thread 41169] [7.0] [cxt 0] Egress port is 0
[15:36:28.970] [bmv2] [D] [thread 41174] [6.0] [cxt 0] Transmitting packet of size 90 out of port 0
[15:36:28.970] [bmv2] [D] [thread 41170] [7.0] [cxt 0] Pipeline 'egress': start
[15:36:28.970] [bmv2] [T] [thread 41170] [7.0] [cxt 0] clone.p4(182) Condition "standard_metadata.instance_type == 1" (node_7) is false
[15:36:28.970] [bmv2] [D] [thread 41170] [7.0] [cxt 0] Pipeline 'egress': end
[15:36:28.970] [bmv2] [D] [thread 41170] [7.0] [cxt 0] Deparser 'deparser': start
[15:36:28.970] [bmv2] [T] [thread 41170] [7.0] [cxt 0] Skipping checksum 'cksum' update because condition not met
[15:36:28.970] [bmv2] [D] [thread 41170] [7.0] [cxt 0] Deparsing header 'ethernet'
[15:36:28.970] [bmv2] [D] [thread 41170] [7.0] [cxt 0] Deparser 'deparser': end
[15:36:28.970] [bmv2] [D] [thread 41174] [7.0] [cxt 0] Transmitting packet of size 90 out of port 0
[15:36:28.971] [bmv2] [D] [thread 41162] Entry 1 added to table 'MyIngress.ipv4_forward_table'
[15:36:28.971] [bmv2] [D] [thread 41162] Dumping entry 1
Match key:
* hdr.ipv4.dstAddr    : LPM       0a000202/32
Action entry: MyIngress.ipv4_forward - 20200,3,

[15:36:28.972] [bmv2] [D] [thread 41161] Entry 2 added to table 'MyIngress.ipv4_forward_table'
[15:36:28.972] [bmv2] [D] [thread 41161] Dumping entry 2
Match key:
* hdr.ipv4.dstAddr    : LPM       0a000303/32
Action entry: MyIngress.ipv4_forward - 30300,1,

[15:36:31.226] [bmv2] [D] [thread 41169] [8.0] [cxt 0] Processing packet received on port 1
[15:36:31.226] [bmv2] [D] [thread 41169] [8.0] [cxt 0] Parser 'parser': start
[15:36:31.226] [bmv2] [D] [thread 41169] [8.0] [cxt 0] Parser 'parser' entering state 'start'
[15:36:31.226] [bmv2] [D] [thread 41169] [8.0] [cxt 0] Extracting header 'ethernet'
[15:36:31.226] [bmv2] [D] [thread 41169] [8.0] [cxt 0] Parser state 'start': key is 86dd
[15:36:31.226] [bmv2] [T] [thread 41169] [8.0] [cxt 0] Bytes parsed: 14
[15:36:31.226] [bmv2] [D] [thread 41169] [8.0] [cxt 0] Parser 'parser': end
[15:36:31.226] [bmv2] [D] [thread 41169] [8.0] [cxt 0] Pipeline 'ingress': start
[15:36:31.226] [bmv2] [T] [thread 41169] [8.0] [cxt 0] clone.p4(146) Condition "hdr.ipv4.isValid()" (node_2) is false
[15:36:31.226] [bmv2] [D] [thread 41169] [8.0] [cxt 0] Pipeline 'ingress': end
[15:36:31.226] [bmv2] [D] [thread 41169] [8.0] [cxt 0] Egress port is 0
[15:36:31.226] [bmv2] [D] [thread 41169] [9.0] [cxt 0] Processing packet received on port 3
[15:36:31.226] [bmv2] [D] [thread 41169] [9.0] [cxt 0] Parser 'parser': start
[15:36:31.226] [bmv2] [D] [thread 41169] [9.0] [cxt 0] Parser 'parser' entering state 'start'
[15:36:31.226] [bmv2] [D] [thread 41169] [9.0] [cxt 0] Extracting header 'ethernet'
[15:36:31.226] [bmv2] [D] [thread 41169] [9.0] [cxt 0] Parser state 'start': key is 86dd
[15:36:31.226] [bmv2] [T] [thread 41169] [9.0] [cxt 0] Bytes parsed: 14
[15:36:31.226] [bmv2] [D] [thread 41170] [8.0] [cxt 0] Pipeline 'egress': start
[15:36:31.226] [bmv2] [T] [thread 41170] [8.0] [cxt 0] clone.p4(182) Condition "standard_metadata.instance_type == 1" (node_7) is false
[15:36:31.226] [bmv2] [D] [thread 41170] [8.0] [cxt 0] Pipeline 'egress': end
[15:36:31.226] [bmv2] [D] [thread 41169] [9.0] [cxt 0] Parser 'parser': end
[15:36:31.226] [bmv2] [D] [thread 41169] [9.0] [cxt 0] Pipeline 'ingress': start
[15:36:31.226] [bmv2] [D] [thread 41170] [8.0] [cxt 0] Deparser 'deparser': start
[15:36:31.226] [bmv2] [T] [thread 41170] [8.0] [cxt 0] Skipping checksum 'cksum' update because condition not met
[15:36:31.226] [bmv2] [D] [thread 41170] [8.0] [cxt 0] Deparsing header 'ethernet'
[15:36:31.226] [bmv2] [D] [thread 41170] [8.0] [cxt 0] Deparser 'deparser': end
[15:36:31.226] [bmv2] [T] [thread 41169] [9.0] [cxt 0] clone.p4(146) Condition "hdr.ipv4.isValid()" (node_2) is false
[15:36:31.226] [bmv2] [D] [thread 41169] [9.0] [cxt 0] Pipeline 'ingress': end
[15:36:31.226] [bmv2] [D] [thread 41169] [9.0] [cxt 0] Egress port is 0
[15:36:31.226] [bmv2] [D] [thread 41174] [8.0] [cxt 0] Transmitting packet of size 70 out of port 0
[15:36:31.226] [bmv2] [D] [thread 41170] [9.0] [cxt 0] Pipeline 'egress': start
[15:36:31.226] [bmv2] [T] [thread 41170] [9.0] [cxt 0] clone.p4(182) Condition "standard_metadata.instance_type == 1" (node_7) is false
[15:36:31.226] [bmv2] [D] [thread 41170] [9.0] [cxt 0] Pipeline 'egress': end
[15:36:31.226] [bmv2] [D] [thread 41170] [9.0] [cxt 0] Deparser 'deparser': start
[15:36:31.226] [bmv2] [T] [thread 41170] [9.0] [cxt 0] Skipping checksum 'cksum' update because condition not met
[15:36:31.226] [bmv2] [D] [thread 41170] [9.0] [cxt 0] Deparsing header 'ethernet'
[15:36:31.226] [bmv2] [D] [thread 41170] [9.0] [cxt 0] Deparser 'deparser': end
[15:36:31.226] [bmv2] [D] [thread 41174] [9.0] [cxt 0] Transmitting packet of size 70 out of port 0
[15:36:31.482] [bmv2] [D] [thread 41169] [10.0] [cxt 0] Processing packet received on port 2
[15:36:31.482] [bmv2] [D] [thread 41169] [10.0] [cxt 0] Parser 'parser': start
[15:36:31.482] [bmv2] [D] [thread 41169] [10.0] [cxt 0] Parser 'parser' entering state 'start'
[15:36:31.482] [bmv2] [D] [thread 41169] [10.0] [cxt 0] Extracting header 'ethernet'
[15:36:31.482] [bmv2] [D] [thread 41169] [10.0] [cxt 0] Parser state 'start': key is 86dd
[15:36:31.482] [bmv2] [T] [thread 41169] [10.0] [cxt 0] Bytes parsed: 14
[15:36:31.482] [bmv2] [D] [thread 41169] [10.0] [cxt 0] Parser 'parser': end
[15:36:31.482] [bmv2] [D] [thread 41169] [10.0] [cxt 0] Pipeline 'ingress': start
[15:36:31.482] [bmv2] [T] [thread 41169] [10.0] [cxt 0] clone.p4(146) Condition "hdr.ipv4.isValid()" (node_2) is false
[15:36:31.482] [bmv2] [D] [thread 41169] [10.0] [cxt 0] Pipeline 'ingress': end
[15:36:31.482] [bmv2] [D] [thread 41169] [10.0] [cxt 0] Egress port is 0
[15:36:31.482] [bmv2] [D] [thread 41170] [10.0] [cxt 0] Pipeline 'egress': start
[15:36:31.482] [bmv2] [T] [thread 41170] [10.0] [cxt 0] clone.p4(182) Condition "standard_metadata.instance_type == 1" (node_7) is false
[15:36:31.482] [bmv2] [D] [thread 41170] [10.0] [cxt 0] Pipeline 'egress': end
[15:36:31.482] [bmv2] [D] [thread 41170] [10.0] [cxt 0] Deparser 'deparser': start
[15:36:31.482] [bmv2] [T] [thread 41170] [10.0] [cxt 0] Skipping checksum 'cksum' update because condition not met
[15:36:31.482] [bmv2] [D] [thread 41170] [10.0] [cxt 0] Deparsing header 'ethernet'
[15:36:31.482] [bmv2] [D] [thread 41170] [10.0] [cxt 0] Deparser 'deparser': end
[15:36:31.482] [bmv2] [D] [thread 41174] [10.0] [cxt 0] Transmitting packet of size 70 out of port 0
[15:36:31.738] [bmv2] [D] [thread 41169] [11.0] [cxt 0] Processing packet received on port 2
[15:36:31.738] [bmv2] [D] [thread 41169] [11.0] [cxt 0] Parser 'parser': start
[15:36:31.738] [bmv2] [D] [thread 41169] [11.0] [cxt 0] Parser 'parser' entering state 'start'
[15:36:31.738] [bmv2] [D] [thread 41169] [11.0] [cxt 0] Extracting header 'ethernet'
[15:36:31.738] [bmv2] [D] [thread 41169] [11.0] [cxt 0] Parser state 'start': key is 86dd
[15:36:31.738] [bmv2] [T] [thread 41169] [11.0] [cxt 0] Bytes parsed: 14
[15:36:31.738] [bmv2] [D] [thread 41169] [11.0] [cxt 0] Parser 'parser': end
[15:36:31.738] [bmv2] [D] [thread 41169] [11.0] [cxt 0] Pipeline 'ingress': start
[15:36:31.738] [bmv2] [T] [thread 41169] [11.0] [cxt 0] clone.p4(146) Condition "hdr.ipv4.isValid()" (node_2) is false
[15:36:31.738] [bmv2] [D] [thread 41169] [11.0] [cxt 0] Pipeline 'ingress': end
[15:36:31.738] [bmv2] [D] [thread 41169] [11.0] [cxt 0] Egress port is 0
[15:36:31.738] [bmv2] [D] [thread 41170] [11.0] [cxt 0] Pipeline 'egress': start
[15:36:31.738] [bmv2] [T] [thread 41170] [11.0] [cxt 0] clone.p4(182) Condition "standard_metadata.instance_type == 1" (node_7) is false
[15:36:31.738] [bmv2] [D] [thread 41170] [11.0] [cxt 0] Pipeline 'egress': end
[15:36:31.738] [bmv2] [D] [thread 41170] [11.0] [cxt 0] Deparser 'deparser': start
[15:36:31.738] [bmv2] [T] [thread 41170] [11.0] [cxt 0] Skipping checksum 'cksum' update because condition not met
[15:36:31.738] [bmv2] [D] [thread 41170] [11.0] [cxt 0] Deparsing header 'ethernet'
[15:36:31.738] [bmv2] [D] [thread 41170] [11.0] [cxt 0] Deparser 'deparser': end
[15:36:31.738] [bmv2] [D] [thread 41174] [11.0] [cxt 0] Transmitting packet of size 70 out of port 0
[15:36:32.250] [bmv2] [D] [thread 41169] [12.0] [cxt 0] Processing packet received on port 3
[15:36:32.250] [bmv2] [D] [thread 41169] [12.0] [cxt 0] Parser 'parser': start
[15:36:32.250] [bmv2] [D] [thread 41169] [12.0] [cxt 0] Parser 'parser' entering state 'start'
[15:36:32.250] [bmv2] [D] [thread 41169] [12.0] [cxt 0] Extracting header 'ethernet'
[15:36:32.250] [bmv2] [D] [thread 41169] [12.0] [cxt 0] Parser state 'start': key is 86dd
[15:36:32.250] [bmv2] [T] [thread 41169] [12.0] [cxt 0] Bytes parsed: 14
[15:36:32.250] [bmv2] [D] [thread 41169] [12.0] [cxt 0] Parser 'parser': end
[15:36:32.250] [bmv2] [D] [thread 41169] [12.0] [cxt 0] Pipeline 'ingress': start
[15:36:32.250] [bmv2] [T] [thread 41169] [12.0] [cxt 0] clone.p4(146) Condition "hdr.ipv4.isValid()" (node_2) is false
[15:36:32.250] [bmv2] [D] [thread 41169] [12.0] [cxt 0] Pipeline 'ingress': end
[15:36:32.250] [bmv2] [D] [thread 41169] [12.0] [cxt 0] Egress port is 0
[15:36:32.250] [bmv2] [D] [thread 41170] [12.0] [cxt 0] Pipeline 'egress': start
[15:36:32.250] [bmv2] [T] [thread 41170] [12.0] [cxt 0] clone.p4(182) Condition "standard_metadata.instance_type == 1" (node_7) is false
[15:36:32.250] [bmv2] [D] [thread 41170] [12.0] [cxt 0] Pipeline 'egress': end
[15:36:32.250] [bmv2] [D] [thread 41170] [12.0] [cxt 0] Deparser 'deparser': start
[15:36:32.250] [bmv2] [T] [thread 41170] [12.0] [cxt 0] Skipping checksum 'cksum' update because condition not met
[15:36:32.250] [bmv2] [D] [thread 41170] [12.0] [cxt 0] Deparsing header 'ethernet'
[15:36:32.250] [bmv2] [D] [thread 41170] [12.0] [cxt 0] Deparser 'deparser': end
[15:36:32.250] [bmv2] [D] [thread 41174] [12.0] [cxt 0] Transmitting packet of size 70 out of port 0
open: No such file or directory
open: No such file or directory
open: No such file or directory
open: No such file or directory
